[0.007s] Invoking command in '/home/asaf/visual_odom_project/build/project_bringup': AMENT_PREFIX_PATH=/home/asaf/visual_odom_project/install/my_project_pkg:/home/asaf/visual_odom_project/install/project_bringup:/home/asaf/ros2_ws/install/my_rover_controller:/home/asaf/ros2_ws/install/my_robot_bringup:/home/asaf/ros2_ws/install/my_robot_description:/home/asaf/ros2_ws/install/my_project_pkg:/home/asaf/ros2_ws/install/microstrain_inertial_rqt:/home/asaf/ros2_ws/install/microstrain_inertial_examples:/home/asaf/ros2_ws/install/microstrain_inertial_driver:/home/asaf/ros2_ws/install/microstrain_inertial_msgs:/home/asaf/ros2_ws/install/microstrain_inertial_description:/home/asaf/ros2_ws/install/g2_robot_description:/home/asaf/ros2_ws/install/g2_robot_bringup:/home/asaf/ros2_ws/install/color_extractor:/opt/ros/humble CMAKE_PREFIX_PATH=${CMAKE_PREFIX_PATH}:/home/asaf/visual_odom_project/install/my_project_pkg:/home/asaf/ros2_ws/install/my_rover_controller:/home/asaf/ros2_ws/install/my_project_pkg:/home/asaf/ros2_ws/install/microstrain_inertial_rqt:/home/asaf/ros2_ws/install/color_extractor:/opt/ros/humble /usr/bin/cmake --build /home/asaf/visual_odom_project/build/project_bringup -- -j8 -l8
[0.027s] -- Found ament_cmake: 1.3.9 (/opt/ros/humble/share/ament_cmake/cmake)
[0.113s] -- Override CMake install command with custom implementation using symlinks instead of copying resources
[0.166s] -- Configuring done
[0.169s] -- Generating done
[0.170s] -- Build files have been written to: /home/asaf/visual_odom_project/build/project_bringup
[0.185s] Invoked command in '/home/asaf/visual_odom_project/build/project_bringup' returned '0': AMENT_PREFIX_PATH=/home/asaf/visual_odom_project/install/my_project_pkg:/home/asaf/visual_odom_project/install/project_bringup:/home/asaf/ros2_ws/install/my_rover_controller:/home/asaf/ros2_ws/install/my_robot_bringup:/home/asaf/ros2_ws/install/my_robot_description:/home/asaf/ros2_ws/install/my_project_pkg:/home/asaf/ros2_ws/install/microstrain_inertial_rqt:/home/asaf/ros2_ws/install/microstrain_inertial_examples:/home/asaf/ros2_ws/install/microstrain_inertial_driver:/home/asaf/ros2_ws/install/microstrain_inertial_msgs:/home/asaf/ros2_ws/install/microstrain_inertial_description:/home/asaf/ros2_ws/install/g2_robot_description:/home/asaf/ros2_ws/install/g2_robot_bringup:/home/asaf/ros2_ws/install/color_extractor:/opt/ros/humble CMAKE_PREFIX_PATH=${CMAKE_PREFIX_PATH}:/home/asaf/visual_odom_project/install/my_project_pkg:/home/asaf/ros2_ws/install/my_rover_controller:/home/asaf/ros2_ws/install/my_project_pkg:/home/asaf/ros2_ws/install/microstrain_inertial_rqt:/home/asaf/ros2_ws/install/color_extractor:/opt/ros/humble /usr/bin/cmake --build /home/asaf/visual_odom_project/build/project_bringup -- -j8 -l8
[0.216s] Invoking command in '/home/asaf/visual_odom_project/build/project_bringup': AMENT_PREFIX_PATH=/home/asaf/visual_odom_project/install/my_project_pkg:/home/asaf/visual_odom_project/install/project_bringup:/home/asaf/ros2_ws/install/my_rover_controller:/home/asaf/ros2_ws/install/my_robot_bringup:/home/asaf/ros2_ws/install/my_robot_description:/home/asaf/ros2_ws/install/my_project_pkg:/home/asaf/ros2_ws/install/microstrain_inertial_rqt:/home/asaf/ros2_ws/install/microstrain_inertial_examples:/home/asaf/ros2_ws/install/microstrain_inertial_driver:/home/asaf/ros2_ws/install/microstrain_inertial_msgs:/home/asaf/ros2_ws/install/microstrain_inertial_description:/home/asaf/ros2_ws/install/g2_robot_description:/home/asaf/ros2_ws/install/g2_robot_bringup:/home/asaf/ros2_ws/install/color_extractor:/opt/ros/humble CMAKE_PREFIX_PATH=${CMAKE_PREFIX_PATH}:/home/asaf/visual_odom_project/install/my_project_pkg:/home/asaf/ros2_ws/install/my_rover_controller:/home/asaf/ros2_ws/install/my_project_pkg:/home/asaf/ros2_ws/install/microstrain_inertial_rqt:/home/asaf/ros2_ws/install/color_extractor:/opt/ros/humble /usr/bin/cmake --install /home/asaf/visual_odom_project/build/project_bringup
[0.224s] -- Install configuration: ""
[0.225s] -- Execute custom install script
[0.225s] -- Up-to-date symlink: /home/asaf/visual_odom_project/install/project_bringup/share/project_bringup/launch/optical_flow_app.launch.py
[0.225s] -- Up-to-date symlink: /home/asaf/visual_odom_project/install/project_bringup/share/project_bringup/rviz/rviz_config.rviz
[0.225s] -- Symlinking: /home/asaf/visual_odom_project/install/project_bringup/share/project_bringup/config/config.yaml
[0.232s] -- Up-to-date symlink: /home/asaf/visual_odom_project/install/project_bringup/share/ament_index/resource_index/package_run_dependencies/project_bringup
[0.232s] -- Up-to-date symlink: /home/asaf/visual_odom_project/install/project_bringup/share/ament_index/resource_index/parent_prefix_path/project_bringup
[0.232s] -- Up-to-date symlink: /home/asaf/visual_odom_project/install/project_bringup/share/project_bringup/environment/ament_prefix_path.sh
[0.232s] -- Up-to-date symlink: /home/asaf/visual_odom_project/install/project_bringup/share/project_bringup/environment/ament_prefix_path.dsv
[0.232s] -- Up-to-date symlink: /home/asaf/visual_odom_project/install/project_bringup/share/project_bringup/environment/path.sh
[0.232s] -- Up-to-date symlink: /home/asaf/visual_odom_project/install/project_bringup/share/project_bringup/environment/path.dsv
[0.232s] -- Up-to-date symlink: /home/asaf/visual_odom_project/install/project_bringup/share/project_bringup/local_setup.bash
[0.232s] -- Up-to-date symlink: /home/asaf/visual_odom_project/install/project_bringup/share/project_bringup/local_setup.sh
[0.232s] -- Up-to-date symlink: /home/asaf/visual_odom_project/install/project_bringup/share/project_bringup/local_setup.zsh
[0.233s] -- Up-to-date symlink: /home/asaf/visual_odom_project/install/project_bringup/share/project_bringup/local_setup.dsv
[0.233s] -- Symlinking: /home/asaf/visual_odom_project/install/project_bringup/share/project_bringup/package.dsv
[0.239s] -- Up-to-date symlink: /home/asaf/visual_odom_project/install/project_bringup/share/ament_index/resource_index/packages/project_bringup
[0.239s] -- Up-to-date symlink: /home/asaf/visual_odom_project/install/project_bringup/share/project_bringup/cmake/project_bringupConfig.cmake
[0.239s] -- Up-to-date symlink: /home/asaf/visual_odom_project/install/project_bringup/share/project_bringup/cmake/project_bringupConfig-version.cmake
[0.239s] -- Up-to-date symlink: /home/asaf/visual_odom_project/install/project_bringup/share/project_bringup/package.xml
[0.241s] Invoked command in '/home/asaf/visual_odom_project/build/project_bringup' returned '0': AMENT_PREFIX_PATH=/home/asaf/visual_odom_project/install/my_project_pkg:/home/asaf/visual_odom_project/install/project_bringup:/home/asaf/ros2_ws/install/my_rover_controller:/home/asaf/ros2_ws/install/my_robot_bringup:/home/asaf/ros2_ws/install/my_robot_description:/home/asaf/ros2_ws/install/my_project_pkg:/home/asaf/ros2_ws/install/microstrain_inertial_rqt:/home/asaf/ros2_ws/install/microstrain_inertial_examples:/home/asaf/ros2_ws/install/microstrain_inertial_driver:/home/asaf/ros2_ws/install/microstrain_inertial_msgs:/home/asaf/ros2_ws/install/microstrain_inertial_description:/home/asaf/ros2_ws/install/g2_robot_description:/home/asaf/ros2_ws/install/g2_robot_bringup:/home/asaf/ros2_ws/install/color_extractor:/opt/ros/humble CMAKE_PREFIX_PATH=${CMAKE_PREFIX_PATH}:/home/asaf/visual_odom_project/install/my_project_pkg:/home/asaf/ros2_ws/install/my_rover_controller:/home/asaf/ros2_ws/install/my_project_pkg:/home/asaf/ros2_ws/install/microstrain_inertial_rqt:/home/asaf/ros2_ws/install/color_extractor:/opt/ros/humble /usr/bin/cmake --install /home/asaf/visual_odom_project/build/project_bringup
