[0.432s] Invoking command in '/home/asaf/visual_odometry_project/build/my_project_pkg': PYTHONPATH=/home/asaf/visual_odometry_project/build/my_project_pkg/prefix_override:/usr/lib/python3/dist-packages/colcon_core/task/python/colcon_distutils_commands:/home/asaf/visual_odometry_project/install/my_project_pkg/lib/python3.10/site-packages:${PYTHONPATH} /usr/bin/python3 -W ignore:setup.py install is deprecated setup.py develop --editable --build-directory /home/asaf/visual_odometry_project/build/my_project_pkg/build --no-deps symlink_data
[0.611s] running develop
[0.721s] running egg_info
[0.721s] creating my_project_pkg.egg-info
[0.721s] writing my_project_pkg.egg-info/PKG-INFO
[0.721s] writing dependency_links to my_project_pkg.egg-info/dependency_links.txt
[0.721s] writing entry points to my_project_pkg.egg-info/entry_points.txt
[0.722s] writing requirements to my_project_pkg.egg-info/requires.txt
[0.722s] writing top-level names to my_project_pkg.egg-info/top_level.txt
[0.722s] writing manifest file 'my_project_pkg.egg-info/SOURCES.txt'
[0.723s] reading manifest file 'my_project_pkg.egg-info/SOURCES.txt'
[0.723s] writing manifest file 'my_project_pkg.egg-info/SOURCES.txt'
[0.724s] running build_ext
[0.724s] Creating /home/asaf/visual_odometry_project/install/my_project_pkg/lib/python3.10/site-packages/my-project-pkg.egg-link (link to .)
[0.725s] Installing optical_flow_run script to /home/asaf/visual_odometry_project/install/my_project_pkg/lib/my_project_pkg
[0.725s] 
[0.725s] Installed /home/asaf/visual_odometry_project/build/my_project_pkg
[0.725s] running symlink_data
[0.725s] creating /home/asaf/visual_odometry_project/install/my_project_pkg/share/ament_index
[0.725s] creating /home/asaf/visual_odometry_project/install/my_project_pkg/share/ament_index/resource_index
[0.725s] creating /home/asaf/visual_odometry_project/install/my_project_pkg/share/ament_index/resource_index/packages
[0.725s] symbolically linking /home/asaf/visual_odometry_project/build/my_project_pkg/resource/my_project_pkg -> /home/asaf/visual_odometry_project/install/my_project_pkg/share/ament_index/resource_index/packages
[0.725s] symbolically linking /home/asaf/visual_odometry_project/build/my_project_pkg/package.xml -> /home/asaf/visual_odometry_project/install/my_project_pkg/share/my_project_pkg
[0.749s] Invoked command in '/home/asaf/visual_odometry_project/build/my_project_pkg' returned '0': PYTHONPATH=/home/asaf/visual_odometry_project/build/my_project_pkg/prefix_override:/usr/lib/python3/dist-packages/colcon_core/task/python/colcon_distutils_commands:/home/asaf/visual_odometry_project/install/my_project_pkg/lib/python3.10/site-packages:${PYTHONPATH} /usr/bin/python3 -W ignore:setup.py install is deprecated setup.py develop --editable --build-directory /home/asaf/visual_odometry_project/build/my_project_pkg/build --no-deps symlink_data
