[0.006s] Invoking command in '/home/asaf/visual_odometry_project/build/project_bringup': AMENT_PREFIX_PATH=/home/asaf/visual_odometry_project/install/my_project_pkg:${AMENT_PREFIX_PATH} CMAKE_PREFIX_PATH=${CMAKE_PREFIX_PATH}:/home/asaf/ros2_ws/install/my_rover_controller:/home/asaf/ros2_ws/install/my_project_pkg:/home/asaf/ros2_ws/install/microstrain_inertial_rqt:/home/asaf/ros2_ws/install/color_extractor:/opt/ros/humble PYTHONPATH=/home/asaf/visual_odometry_project/install/my_project_pkg/lib/python3.10/site-packages:${PYTHONPATH} /usr/bin/cmake /home/asaf/visual_odometry_project/src/project_bringup -DCMAKE_INSTALL_PREFIX=/home/asaf/visual_odometry_project/install/project_bringup
[0.044s] -- The C compiler identification is GNU 11.4.0
[0.087s] -- The CXX compiler identification is GNU 11.4.0
[0.091s] -- Detecting C compiler ABI info
[0.141s] -- Detecting C compiler ABI info - done
[0.147s] -- Check for working C compiler: /usr/bin/cc - skipped
[0.147s] -- Detecting C compile features
[0.147s] -- Detecting C compile features - done
[0.149s] -- Detecting CXX compiler ABI info
[0.207s] -- Detecting CXX compiler ABI info - done
[0.213s] -- Check for working CXX compiler: /usr/bin/c++ - skipped
[0.213s] -- Detecting CXX compile features
[0.213s] -- Detecting CXX compile features - done
[0.216s] -- Found ament_cmake: 1.3.9 (/opt/ros/humble/share/ament_cmake/cmake)
[0.318s] -- Found Python3: /usr/bin/python3 (found version "3.10.12") found components: Interpreter 
[0.419s] -- Configuring done
[0.421s] -- Generating done
[0.422s] -- Build files have been written to: /home/asaf/visual_odometry_project/build/project_bringup
[0.425s] Invoked command in '/home/asaf/visual_odometry_project/build/project_bringup' returned '0': AMENT_PREFIX_PATH=/home/asaf/visual_odometry_project/install/my_project_pkg:${AMENT_PREFIX_PATH} CMAKE_PREFIX_PATH=${CMAKE_PREFIX_PATH}:/home/asaf/ros2_ws/install/my_rover_controller:/home/asaf/ros2_ws/install/my_project_pkg:/home/asaf/ros2_ws/install/microstrain_inertial_rqt:/home/asaf/ros2_ws/install/color_extractor:/opt/ros/humble PYTHONPATH=/home/asaf/visual_odometry_project/install/my_project_pkg/lib/python3.10/site-packages:${PYTHONPATH} /usr/bin/cmake /home/asaf/visual_odometry_project/src/project_bringup -DCMAKE_INSTALL_PREFIX=/home/asaf/visual_odometry_project/install/project_bringup
[0.426s] Invoking command in '/home/asaf/visual_odometry_project/build/project_bringup': AMENT_PREFIX_PATH=/home/asaf/visual_odometry_project/install/my_project_pkg:${AMENT_PREFIX_PATH} CMAKE_PREFIX_PATH=${CMAKE_PREFIX_PATH}:/home/asaf/ros2_ws/install/my_rover_controller:/home/asaf/ros2_ws/install/my_project_pkg:/home/asaf/ros2_ws/install/microstrain_inertial_rqt:/home/asaf/ros2_ws/install/color_extractor:/opt/ros/humble PYTHONPATH=/home/asaf/visual_odometry_project/install/my_project_pkg/lib/python3.10/site-packages:${PYTHONPATH} /usr/bin/cmake --build /home/asaf/visual_odometry_project/build/project_bringup -- -j8 -l8
[0.454s] Invoked command in '/home/asaf/visual_odometry_project/build/project_bringup' returned '0': AMENT_PREFIX_PATH=/home/asaf/visual_odometry_project/install/my_project_pkg:${AMENT_PREFIX_PATH} CMAKE_PREFIX_PATH=${CMAKE_PREFIX_PATH}:/home/asaf/ros2_ws/install/my_rover_controller:/home/asaf/ros2_ws/install/my_project_pkg:/home/asaf/ros2_ws/install/microstrain_inertial_rqt:/home/asaf/ros2_ws/install/color_extractor:/opt/ros/humble PYTHONPATH=/home/asaf/visual_odometry_project/install/my_project_pkg/lib/python3.10/site-packages:${PYTHONPATH} /usr/bin/cmake --build /home/asaf/visual_odometry_project/build/project_bringup -- -j8 -l8
[0.475s] Invoking command in '/home/asaf/visual_odometry_project/build/project_bringup': AMENT_PREFIX_PATH=/home/asaf/visual_odometry_project/install/my_project_pkg:${AMENT_PREFIX_PATH} CMAKE_PREFIX_PATH=${CMAKE_PREFIX_PATH}:/home/asaf/ros2_ws/install/my_rover_controller:/home/asaf/ros2_ws/install/my_project_pkg:/home/asaf/ros2_ws/install/microstrain_inertial_rqt:/home/asaf/ros2_ws/install/color_extractor:/opt/ros/humble PYTHONPATH=/home/asaf/visual_odometry_project/install/my_project_pkg/lib/python3.10/site-packages:${PYTHONPATH} /usr/bin/cmake --install /home/asaf/visual_odometry_project/build/project_bringup
[0.480s] -- Install configuration: ""
[0.480s] -- Installing: /home/asaf/visual_odometry_project/install/project_bringup/share/project_bringup/launch
[0.481s] -- Installing: /home/asaf/visual_odometry_project/install/project_bringup/share/project_bringup/launch/optical_flow_app.launch.py
[0.481s] -- Installing: /home/asaf/visual_odometry_project/install/project_bringup/share/project_bringup/rviz
[0.481s] -- Installing: /home/asaf/visual_odometry_project/install/project_bringup/share/project_bringup/rviz/rviz_config.rviz
[0.481s] -- Installing: /home/asaf/visual_odometry_project/install/project_bringup/share/project_bringup/config
[0.481s] -- Installing: /home/asaf/visual_odometry_project/install/project_bringup/share/project_bringup/config/config.yaml
[0.481s] -- Installing: /home/asaf/visual_odometry_project/install/project_bringup/share/ament_index/resource_index/package_run_dependencies/project_bringup
[0.481s] -- Installing: /home/asaf/visual_odometry_project/install/project_bringup/share/ament_index/resource_index/parent_prefix_path/project_bringup
[0.481s] -- Installing: /home/asaf/visual_odometry_project/install/project_bringup/share/project_bringup/environment/ament_prefix_path.sh
[0.481s] -- Installing: /home/asaf/visual_odometry_project/install/project_bringup/share/project_bringup/environment/ament_prefix_path.dsv
[0.481s] -- Installing: /home/asaf/visual_odometry_project/install/project_bringup/share/project_bringup/environment/path.sh
[0.481s] -- Installing: /home/asaf/visual_odometry_project/install/project_bringup/share/project_bringup/environment/path.dsv
[0.481s] -- Installing: /home/asaf/visual_odometry_project/install/project_bringup/share/project_bringup/local_setup.bash
[0.481s] -- Installing: /home/asaf/visual_odometry_project/install/project_bringup/share/project_bringup/local_setup.sh
[0.481s] -- Installing: /home/asaf/visual_odometry_project/install/project_bringup/share/project_bringup/local_setup.zsh
[0.481s] -- Installing: /home/asaf/visual_odometry_project/install/project_bringup/share/project_bringup/local_setup.dsv
[0.481s] -- Installing: /home/asaf/visual_odometry_project/install/project_bringup/share/project_bringup/package.dsv
[0.481s] -- Installing: /home/asaf/visual_odometry_project/install/project_bringup/share/ament_index/resource_index/packages/project_bringup
[0.481s] -- Installing: /home/asaf/visual_odometry_project/install/project_bringup/share/project_bringup/cmake/project_bringupConfig.cmake
[0.481s] -- Installing: /home/asaf/visual_odometry_project/install/project_bringup/share/project_bringup/cmake/project_bringupConfig-version.cmake
[0.481s] -- Installing: /home/asaf/visual_odometry_project/install/project_bringup/share/project_bringup/package.xml
[0.483s] Invoked command in '/home/asaf/visual_odometry_project/build/project_bringup' returned '0': AMENT_PREFIX_PATH=/home/asaf/visual_odometry_project/install/my_project_pkg:${AMENT_PREFIX_PATH} CMAKE_PREFIX_PATH=${CMAKE_PREFIX_PATH}:/home/asaf/ros2_ws/install/my_rover_controller:/home/asaf/ros2_ws/install/my_project_pkg:/home/asaf/ros2_ws/install/microstrain_inertial_rqt:/home/asaf/ros2_ws/install/color_extractor:/opt/ros/humble PYTHONPATH=/home/asaf/visual_odometry_project/install/my_project_pkg/lib/python3.10/site-packages:${PYTHONPATH} /usr/bin/cmake --install /home/asaf/visual_odometry_project/build/project_bringup
