[0.006s] Invoking command in '/home/asaf/visual_odom_project/build/project_bringup': AMENT_PREFIX_PATH=/home/asaf/visual_odom_project/install/my_project_pkg:/home/asaf/visual_odom_project/install/project_bringup:/home/asaf/ros2_ws/install/my_rover_controller:/home/asaf/ros2_ws/install/my_robot_bringup:/home/asaf/ros2_ws/install/my_robot_description:/home/asaf/ros2_ws/install/my_project_pkg:/home/asaf/ros2_ws/install/microstrain_inertial_rqt:/home/asaf/ros2_ws/install/microstrain_inertial_examples:/home/asaf/ros2_ws/install/microstrain_inertial_driver:/home/asaf/ros2_ws/install/microstrain_inertial_msgs:/home/asaf/ros2_ws/install/microstrain_inertial_description:/home/asaf/ros2_ws/install/g2_robot_description:/home/asaf/ros2_ws/install/g2_robot_bringup:/home/asaf/ros2_ws/install/color_extractor:/opt/ros/humble CMAKE_PREFIX_PATH=${CMAKE_PREFIX_PATH}:/home/asaf/visual_odom_project/install/my_project_pkg:/home/asaf/ros2_ws/install/my_rover_controller:/home/asaf/ros2_ws/install/my_project_pkg:/home/asaf/ros2_ws/install/microstrain_inertial_rqt:/home/asaf/ros2_ws/install/color_extractor:/opt/ros/humble /usr/bin/cmake --build /home/asaf/visual_odom_project/build/project_bringup -- -j8 -l8
[0.024s] -- Found ament_cmake: 1.3.9 (/opt/ros/humble/share/ament_cmake/cmake)
[0.101s] -- Override CMake install command with custom implementation using symlinks instead of copying resources
[0.146s] -- Configuring done
[0.148s] -- Generating done
[0.148s] -- Build files have been written to: /home/asaf/visual_odom_project/build/project_bringup
[0.164s] Invoked command in '/home/asaf/visual_odom_project/build/project_bringup' returned '0': AMENT_PREFIX_PATH=/home/asaf/visual_odom_project/install/my_project_pkg:/home/asaf/visual_odom_project/install/project_bringup:/home/asaf/ros2_ws/install/my_rover_controller:/home/asaf/ros2_ws/install/my_robot_bringup:/home/asaf/ros2_ws/install/my_robot_description:/home/asaf/ros2_ws/install/my_project_pkg:/home/asaf/ros2_ws/install/microstrain_inertial_rqt:/home/asaf/ros2_ws/install/microstrain_inertial_examples:/home/asaf/ros2_ws/install/microstrain_inertial_driver:/home/asaf/ros2_ws/install/microstrain_inertial_msgs:/home/asaf/ros2_ws/install/microstrain_inertial_description:/home/asaf/ros2_ws/install/g2_robot_description:/home/asaf/ros2_ws/install/g2_robot_bringup:/home/asaf/ros2_ws/install/color_extractor:/opt/ros/humble CMAKE_PREFIX_PATH=${CMAKE_PREFIX_PATH}:/home/asaf/visual_odom_project/install/my_project_pkg:/home/asaf/ros2_ws/install/my_rover_controller:/home/asaf/ros2_ws/install/my_project_pkg:/home/asaf/ros2_ws/install/microstrain_inertial_rqt:/home/asaf/ros2_ws/install/color_extractor:/opt/ros/humble /usr/bin/cmake --build /home/asaf/visual_odom_project/build/project_bringup -- -j8 -l8
[0.194s] Invoking command in '/home/asaf/visual_odom_project/build/project_bringup': AMENT_PREFIX_PATH=/home/asaf/visual_odom_project/install/my_project_pkg:/home/asaf/visual_odom_project/install/project_bringup:/home/asaf/ros2_ws/install/my_rover_controller:/home/asaf/ros2_ws/install/my_robot_bringup:/home/asaf/ros2_ws/install/my_robot_description:/home/asaf/ros2_ws/install/my_project_pkg:/home/asaf/ros2_ws/install/microstrain_inertial_rqt:/home/asaf/ros2_ws/install/microstrain_inertial_examples:/home/asaf/ros2_ws/install/microstrain_inertial_driver:/home/asaf/ros2_ws/install/microstrain_inertial_msgs:/home/asaf/ros2_ws/install/microstrain_inertial_description:/home/asaf/ros2_ws/install/g2_robot_description:/home/asaf/ros2_ws/install/g2_robot_bringup:/home/asaf/ros2_ws/install/color_extractor:/opt/ros/humble CMAKE_PREFIX_PATH=${CMAKE_PREFIX_PATH}:/home/asaf/visual_odom_project/install/my_project_pkg:/home/asaf/ros2_ws/install/my_rover_controller:/home/asaf/ros2_ws/install/my_project_pkg:/home/asaf/ros2_ws/install/microstrain_inertial_rqt:/home/asaf/ros2_ws/install/color_extractor:/opt/ros/humble /usr/bin/cmake --install /home/asaf/visual_odom_project/build/project_bringup
[0.202s] -- Install configuration: ""
[0.202s] -- Execute custom install script
[0.202s] -- Up-to-date symlink: /home/asaf/visual_odom_project/install/project_bringup/share/project_bringup/launch/optical_flow_app.launch.py
[0.202s] -- Symlinking: /home/asaf/visual_odom_project/install/project_bringup/share/project_bringup/rviz/rviz_config.rviz
[0.210s] -- Up-to-date symlink: /home/asaf/visual_odom_project/install/project_bringup/share/ament_index/resource_index/package_run_dependencies/project_bringup
[0.211s] -- Up-to-date symlink: /home/asaf/visual_odom_project/install/project_bringup/share/ament_index/resource_index/parent_prefix_path/project_bringup
[0.211s] -- Up-to-date symlink: /home/asaf/visual_odom_project/install/project_bringup/share/project_bringup/environment/ament_prefix_path.sh
[0.211s] -- Up-to-date symlink: /home/asaf/visual_odom_project/install/project_bringup/share/project_bringup/environment/ament_prefix_path.dsv
[0.211s] -- Up-to-date symlink: /home/asaf/visual_odom_project/install/project_bringup/share/project_bringup/environment/path.sh
[0.211s] -- Up-to-date symlink: /home/asaf/visual_odom_project/install/project_bringup/share/project_bringup/environment/path.dsv
[0.211s] -- Up-to-date symlink: /home/asaf/visual_odom_project/install/project_bringup/share/project_bringup/local_setup.bash
[0.211s] -- Up-to-date symlink: /home/asaf/visual_odom_project/install/project_bringup/share/project_bringup/local_setup.sh
[0.211s] -- Up-to-date symlink: /home/asaf/visual_odom_project/install/project_bringup/share/project_bringup/local_setup.zsh
[0.212s] -- Up-to-date symlink: /home/asaf/visual_odom_project/install/project_bringup/share/project_bringup/local_setup.dsv
[0.212s] -- Symlinking: /home/asaf/visual_odom_project/install/project_bringup/share/project_bringup/package.dsv
[0.220s] -- Up-to-date symlink: /home/asaf/visual_odom_project/install/project_bringup/share/ament_index/resource_index/packages/project_bringup
[0.220s] -- Up-to-date symlink: /home/asaf/visual_odom_project/install/project_bringup/share/project_bringup/cmake/project_bringupConfig.cmake
[0.220s] -- Up-to-date symlink: /home/asaf/visual_odom_project/install/project_bringup/share/project_bringup/cmake/project_bringupConfig-version.cmake
[0.220s] -- Up-to-date symlink: /home/asaf/visual_odom_project/install/project_bringup/share/project_bringup/package.xml
[0.222s] Invoked command in '/home/asaf/visual_odom_project/build/project_bringup' returned '0': AMENT_PREFIX_PATH=/home/asaf/visual_odom_project/install/my_project_pkg:/home/asaf/visual_odom_project/install/project_bringup:/home/asaf/ros2_ws/install/my_rover_controller:/home/asaf/ros2_ws/install/my_robot_bringup:/home/asaf/ros2_ws/install/my_robot_description:/home/asaf/ros2_ws/install/my_project_pkg:/home/asaf/ros2_ws/install/microstrain_inertial_rqt:/home/asaf/ros2_ws/install/microstrain_inertial_examples:/home/asaf/ros2_ws/install/microstrain_inertial_driver:/home/asaf/ros2_ws/install/microstrain_inertial_msgs:/home/asaf/ros2_ws/install/microstrain_inertial_description:/home/asaf/ros2_ws/install/g2_robot_description:/home/asaf/ros2_ws/install/g2_robot_bringup:/home/asaf/ros2_ws/install/color_extractor:/opt/ros/humble CMAKE_PREFIX_PATH=${CMAKE_PREFIX_PATH}:/home/asaf/visual_odom_project/install/my_project_pkg:/home/asaf/ros2_ws/install/my_rover_controller:/home/asaf/ros2_ws/install/my_project_pkg:/home/asaf/ros2_ws/install/microstrain_inertial_rqt:/home/asaf/ros2_ws/install/color_extractor:/opt/ros/humble /usr/bin/cmake --install /home/asaf/visual_odom_project/build/project_bringup
