[0.085s] DEBUG:colcon:Command line arguments: ['/usr/bin/colcon', 'build', '--symlink-install']
[0.085s] DEBUG:colcon:Parsed command line arguments: Namespace(log_base=None, log_level=None, verb_name='build', build_base='build', install_base='install', merge_install=False, symlink_install=True, test_result_base=None, continue_on_error=False, executor='parallel', parallel_workers=8, event_handlers=None, ignore_user_meta=False, metas=['./colcon.meta'], base_paths=['.'], packages_ignore=None, packages_ignore_regex=None, paths=None, packages_up_to=None, packages_up_to_regex=None, packages_above=None, packages_above_and_dependencies=None, packages_above_depth=None, packages_select_by_dep=None, packages_skip_by_dep=None, packages_skip_up_to=None, packages_select_build_failed=False, packages_skip_build_finished=False, packages_select_test_failures=False, packages_skip_test_passed=False, packages_select=None, packages_skip=None, packages_select_regex=None, packages_skip_regex=None, packages_start=None, packages_end=None, allow_overriding=[], cmake_args=None, cmake_target=None, cmake_target_skip_unavailable=False, cmake_clean_cache=False, cmake_clean_first=False, cmake_force_configure=False, ament_cmake_args=None, catkin_cmake_args=None, catkin_skip_building_tests=False, mixin_files=None, mixin=None, verb_parser=<colcon_mixin.mixin.mixin_argument.MixinArgumentDecorator object at 0x712e1c533a00>, verb_extension=<colcon_core.verb.build.BuildVerb object at 0x712e1c533400>, main=<bound method BuildVerb.main of <colcon_core.verb.build.BuildVerb object at 0x712e1c533400>>, mixin_verb=('build',))
[0.212s] Level 1:colcon.colcon_core.package_discovery:discover_packages(colcon_meta) check parameters
[0.212s] Level 1:colcon.colcon_core.package_discovery:discover_packages(recursive) check parameters
[0.212s] Level 1:colcon.colcon_core.package_discovery:discover_packages(ignore) check parameters
[0.212s] Level 1:colcon.colcon_core.package_discovery:discover_packages(path) check parameters
[0.212s] Level 1:colcon.colcon_core.package_discovery:discover_packages(colcon_meta) discover
[0.212s] Level 1:colcon.colcon_core.package_discovery:discover_packages(recursive) discover
[0.212s] INFO:colcon.colcon_core.package_discovery:Crawling recursively for packages in '/home/asaf/visual_odometry_project'
[0.213s] Level 1:colcon.colcon_core.package_identification:_identify(.) by extensions ['ignore', 'ignore_ament_install']
[0.213s] Level 1:colcon.colcon_core.package_identification:_identify(.) by extension 'ignore'
[0.213s] Level 1:colcon.colcon_core.package_identification:_identify(.) by extension 'ignore_ament_install'
[0.213s] Level 1:colcon.colcon_core.package_identification:_identify(.) by extensions ['colcon_pkg']
[0.213s] Level 1:colcon.colcon_core.package_identification:_identify(.) by extension 'colcon_pkg'
[0.213s] Level 1:colcon.colcon_core.package_identification:_identify(.) by extensions ['colcon_meta']
[0.213s] Level 1:colcon.colcon_core.package_identification:_identify(.) by extension 'colcon_meta'
[0.213s] Level 1:colcon.colcon_core.package_identification:_identify(.) by extensions ['ros']
[0.213s] Level 1:colcon.colcon_core.package_identification:_identify(.) by extension 'ros'
[0.220s] Level 1:colcon.colcon_core.package_identification:_identify(.) by extensions ['cmake', 'python']
[0.220s] Level 1:colcon.colcon_core.package_identification:_identify(.) by extension 'cmake'
[0.220s] Level 1:colcon.colcon_core.package_identification:_identify(.) by extension 'python'
[0.220s] Level 1:colcon.colcon_core.package_identification:_identify(.) by extensions ['python_setup_py']
[0.220s] Level 1:colcon.colcon_core.package_identification:_identify(.) by extension 'python_setup_py'
[0.220s] Level 1:colcon.colcon_core.package_identification:_identify(build) by extensions ['ignore', 'ignore_ament_install']
[0.220s] Level 1:colcon.colcon_core.package_identification:_identify(build) by extension 'ignore'
[0.220s] Level 1:colcon.colcon_core.package_identification:_identify(build) ignored
[0.221s] Level 1:colcon.colcon_core.package_identification:_identify(install) by extensions ['ignore', 'ignore_ament_install']
[0.221s] Level 1:colcon.colcon_core.package_identification:_identify(install) by extension 'ignore'
[0.221s] Level 1:colcon.colcon_core.package_identification:_identify(install) ignored
[0.221s] Level 1:colcon.colcon_core.package_identification:_identify(log) by extensions ['ignore', 'ignore_ament_install']
[0.221s] Level 1:colcon.colcon_core.package_identification:_identify(log) by extension 'ignore'
[0.221s] Level 1:colcon.colcon_core.package_identification:_identify(log) ignored
[0.221s] Level 1:colcon.colcon_core.package_identification:_identify(src) by extensions ['ignore', 'ignore_ament_install']
[0.221s] Level 1:colcon.colcon_core.package_identification:_identify(src) by extension 'ignore'
[0.221s] Level 1:colcon.colcon_core.package_identification:_identify(src) by extension 'ignore_ament_install'
[0.221s] Level 1:colcon.colcon_core.package_identification:_identify(src) by extensions ['colcon_pkg']
[0.221s] Level 1:colcon.colcon_core.package_identification:_identify(src) by extension 'colcon_pkg'
[0.221s] Level 1:colcon.colcon_core.package_identification:_identify(src) by extensions ['colcon_meta']
[0.221s] Level 1:colcon.colcon_core.package_identification:_identify(src) by extension 'colcon_meta'
[0.221s] Level 1:colcon.colcon_core.package_identification:_identify(src) by extensions ['ros']
[0.221s] Level 1:colcon.colcon_core.package_identification:_identify(src) by extension 'ros'
[0.221s] Level 1:colcon.colcon_core.package_identification:_identify(src) by extensions ['cmake', 'python']
[0.221s] Level 1:colcon.colcon_core.package_identification:_identify(src) by extension 'cmake'
[0.221s] Level 1:colcon.colcon_core.package_identification:_identify(src) by extension 'python'
[0.221s] Level 1:colcon.colcon_core.package_identification:_identify(src) by extensions ['python_setup_py']
[0.221s] Level 1:colcon.colcon_core.package_identification:_identify(src) by extension 'python_setup_py'
[0.221s] Level 1:colcon.colcon_core.package_identification:_identify(src/my_project_pkg) by extensions ['ignore', 'ignore_ament_install']
[0.221s] Level 1:colcon.colcon_core.package_identification:_identify(src/my_project_pkg) by extension 'ignore'
[0.221s] Level 1:colcon.colcon_core.package_identification:_identify(src/my_project_pkg) by extension 'ignore_ament_install'
[0.221s] Level 1:colcon.colcon_core.package_identification:_identify(src/my_project_pkg) by extensions ['colcon_pkg']
[0.221s] Level 1:colcon.colcon_core.package_identification:_identify(src/my_project_pkg) by extension 'colcon_pkg'
[0.221s] Level 1:colcon.colcon_core.package_identification:_identify(src/my_project_pkg) by extensions ['colcon_meta']
[0.221s] Level 1:colcon.colcon_core.package_identification:_identify(src/my_project_pkg) by extension 'colcon_meta'
[0.221s] Level 1:colcon.colcon_core.package_identification:_identify(src/my_project_pkg) by extensions ['ros']
[0.221s] Level 1:colcon.colcon_core.package_identification:_identify(src/my_project_pkg) by extension 'ros'
[0.224s] DEBUG:colcon.colcon_core.package_identification:Package 'src/my_project_pkg' with type 'ros.ament_python' and name 'my_project_pkg'
[0.224s] Level 1:colcon.colcon_core.package_identification:_identify(src/project_bringup) by extensions ['ignore', 'ignore_ament_install']
[0.224s] Level 1:colcon.colcon_core.package_identification:_identify(src/project_bringup) by extension 'ignore'
[0.224s] Level 1:colcon.colcon_core.package_identification:_identify(src/project_bringup) by extension 'ignore_ament_install'
[0.224s] Level 1:colcon.colcon_core.package_identification:_identify(src/project_bringup) by extensions ['colcon_pkg']
[0.224s] Level 1:colcon.colcon_core.package_identification:_identify(src/project_bringup) by extension 'colcon_pkg'
[0.224s] Level 1:colcon.colcon_core.package_identification:_identify(src/project_bringup) by extensions ['colcon_meta']
[0.224s] Level 1:colcon.colcon_core.package_identification:_identify(src/project_bringup) by extension 'colcon_meta'
[0.224s] Level 1:colcon.colcon_core.package_identification:_identify(src/project_bringup) by extensions ['ros']
[0.224s] Level 1:colcon.colcon_core.package_identification:_identify(src/project_bringup) by extension 'ros'
[0.225s] DEBUG:colcon.colcon_core.package_identification:Package 'src/project_bringup' with type 'ros.ament_cmake' and name 'project_bringup'
[0.225s] Level 1:colcon.colcon_core.package_discovery:discover_packages(recursive) using defaults
[0.225s] Level 1:colcon.colcon_core.package_discovery:discover_packages(ignore) discover
[0.225s] Level 1:colcon.colcon_core.package_discovery:discover_packages(ignore) using defaults
[0.225s] Level 1:colcon.colcon_core.package_discovery:discover_packages(path) discover
[0.225s] Level 1:colcon.colcon_core.package_discovery:discover_packages(path) using defaults
[0.237s] Level 1:colcon.colcon_core.package_discovery:discover_packages(prefix_path) check parameters
[0.237s] Level 1:colcon.colcon_core.package_discovery:discover_packages(prefix_path) discover
[0.238s] WARNING:colcon.colcon_ros.prefix_path.ament:The path '/home/asaf/visual_odometry_project/install/project_bringup' in the environment variable AMENT_PREFIX_PATH doesn't exist
[0.238s] WARNING:colcon.colcon_ros.prefix_path.ament:The path '/home/asaf/visual_odometry_project/install/my_project_pkg' in the environment variable AMENT_PREFIX_PATH doesn't exist
[0.238s] WARNING:colcon.colcon_ros.prefix_path.catkin:The path '/home/asaf/visual_odometry_project/install/project_bringup' in the environment variable CMAKE_PREFIX_PATH doesn't exist
[0.239s] DEBUG:colcon.colcon_installed_package_information.package_discovery:Found 0 installed packages in /home/asaf/visual_odometry_project/install
[0.239s] DEBUG:colcon.colcon_installed_package_information.package_discovery:Found 12 installed packages in /home/asaf/ros2_ws/install
[0.240s] DEBUG:colcon.colcon_installed_package_information.package_discovery:Found 337 installed packages in /opt/ros/humble
[0.241s] Level 1:colcon.colcon_core.package_discovery:discover_packages(prefix_path) using defaults
[0.275s] Level 5:colcon.colcon_core.verb:set package 'my_project_pkg' build argument 'cmake_args' from command line to 'None'
[0.275s] Level 5:colcon.colcon_core.verb:set package 'my_project_pkg' build argument 'cmake_target' from command line to 'None'
[0.275s] Level 5:colcon.colcon_core.verb:set package 'my_project_pkg' build argument 'cmake_target_skip_unavailable' from command line to 'False'
[0.275s] Level 5:colcon.colcon_core.verb:set package 'my_project_pkg' build argument 'cmake_clean_cache' from command line to 'False'
[0.275s] Level 5:colcon.colcon_core.verb:set package 'my_project_pkg' build argument 'cmake_clean_first' from command line to 'False'
[0.275s] Level 5:colcon.colcon_core.verb:set package 'my_project_pkg' build argument 'cmake_force_configure' from command line to 'False'
[0.275s] Level 5:colcon.colcon_core.verb:set package 'my_project_pkg' build argument 'ament_cmake_args' from command line to 'None'
[0.275s] Level 5:colcon.colcon_core.verb:set package 'my_project_pkg' build argument 'catkin_cmake_args' from command line to 'None'
[0.275s] Level 5:colcon.colcon_core.verb:set package 'my_project_pkg' build argument 'catkin_skip_building_tests' from command line to 'False'
[0.275s] DEBUG:colcon.colcon_core.verb:Building package 'my_project_pkg' with the following arguments: {'ament_cmake_args': None, 'build_base': '/home/asaf/visual_odometry_project/build/my_project_pkg', 'catkin_cmake_args': None, 'catkin_skip_building_tests': False, 'cmake_args': None, 'cmake_clean_cache': False, 'cmake_clean_first': False, 'cmake_force_configure': False, 'cmake_target': None, 'cmake_target_skip_unavailable': False, 'install_base': '/home/asaf/visual_odometry_project/install/my_project_pkg', 'merge_install': False, 'path': '/home/asaf/visual_odometry_project/src/my_project_pkg', 'symlink_install': True, 'test_result_base': None}
[0.275s] Level 5:colcon.colcon_core.verb:set package 'project_bringup' build argument 'cmake_args' from command line to 'None'
[0.275s] Level 5:colcon.colcon_core.verb:set package 'project_bringup' build argument 'cmake_target' from command line to 'None'
[0.275s] Level 5:colcon.colcon_core.verb:set package 'project_bringup' build argument 'cmake_target_skip_unavailable' from command line to 'False'
[0.275s] Level 5:colcon.colcon_core.verb:set package 'project_bringup' build argument 'cmake_clean_cache' from command line to 'False'
[0.275s] Level 5:colcon.colcon_core.verb:set package 'project_bringup' build argument 'cmake_clean_first' from command line to 'False'
[0.275s] Level 5:colcon.colcon_core.verb:set package 'project_bringup' build argument 'cmake_force_configure' from command line to 'False'
[0.275s] Level 5:colcon.colcon_core.verb:set package 'project_bringup' build argument 'ament_cmake_args' from command line to 'None'
[0.275s] Level 5:colcon.colcon_core.verb:set package 'project_bringup' build argument 'catkin_cmake_args' from command line to 'None'
[0.275s] Level 5:colcon.colcon_core.verb:set package 'project_bringup' build argument 'catkin_skip_building_tests' from command line to 'False'
[0.275s] DEBUG:colcon.colcon_core.verb:Building package 'project_bringup' with the following arguments: {'ament_cmake_args': None, 'build_base': '/home/asaf/visual_odometry_project/build/project_bringup', 'catkin_cmake_args': None, 'catkin_skip_building_tests': False, 'cmake_args': None, 'cmake_clean_cache': False, 'cmake_clean_first': False, 'cmake_force_configure': False, 'cmake_target': None, 'cmake_target_skip_unavailable': False, 'install_base': '/home/asaf/visual_odometry_project/install/project_bringup', 'merge_install': False, 'path': '/home/asaf/visual_odometry_project/src/project_bringup', 'symlink_install': True, 'test_result_base': None}
[0.275s] INFO:colcon.colcon_core.executor:Executing jobs using 'parallel' executor
[0.276s] DEBUG:colcon.colcon_parallel_executor.executor.parallel:run_until_complete
[0.276s] INFO:colcon.colcon_ros.task.ament_python.build:Building ROS package in '/home/asaf/visual_odometry_project/src/my_project_pkg' with build type 'ament_python'
[0.276s] Level 1:colcon.colcon_core.shell:create_environment_hook('my_project_pkg', 'ament_prefix_path')
[0.278s] INFO:colcon.colcon_core.plugin_system:Skipping extension 'colcon_core.shell.bat': Not used on non-Windows systems
[0.278s] INFO:colcon.colcon_core.shell:Creating environment hook '/home/asaf/visual_odometry_project/install/my_project_pkg/share/my_project_pkg/hook/ament_prefix_path.ps1'
[0.279s] INFO:colcon.colcon_core.shell:Creating environment descriptor '/home/asaf/visual_odometry_project/install/my_project_pkg/share/my_project_pkg/hook/ament_prefix_path.dsv'
[0.279s] INFO:colcon.colcon_core.shell:Creating environment hook '/home/asaf/visual_odometry_project/install/my_project_pkg/share/my_project_pkg/hook/ament_prefix_path.sh'
[0.279s] INFO:colcon.colcon_core.shell:Skip shell extension 'powershell' for command environment: Not usable outside of PowerShell
[0.279s] DEBUG:colcon.colcon_core.shell:Skip shell extension 'dsv' for command environment
[0.460s] INFO:colcon.colcon_core.task.python.build:Building Python package in '/home/asaf/visual_odometry_project/src/my_project_pkg'
[0.461s] INFO:colcon.colcon_core.shell:Skip shell extension 'powershell' for command environment: Not usable outside of PowerShell
[0.461s] DEBUG:colcon.colcon_core.shell:Skip shell extension 'dsv' for command environment
[0.709s] DEBUG:colcon.colcon_core.event_handler.log_command:Invoking command in '/home/asaf/visual_odometry_project/build/my_project_pkg': PYTHONPATH=/home/asaf/visual_odometry_project/build/my_project_pkg/prefix_override:/usr/lib/python3/dist-packages/colcon_core/task/python/colcon_distutils_commands:/home/asaf/visual_odometry_project/install/my_project_pkg/lib/python3.10/site-packages:${PYTHONPATH} /usr/bin/python3 -W ignore:setup.py install is deprecated setup.py develop --editable --build-directory /home/asaf/visual_odometry_project/build/my_project_pkg/build --no-deps symlink_data
[1.025s] Level 1:colcon.colcon_core.shell:create_environment_hook('my_project_pkg', 'pythonpath_develop')
[1.025s] INFO:colcon.colcon_core.shell:Creating environment hook '/home/asaf/visual_odometry_project/build/my_project_pkg/share/my_project_pkg/hook/pythonpath_develop.ps1'
[1.026s] DEBUG:colcon.colcon_core.event_handler.log_command:Invoked command in '/home/asaf/visual_odometry_project/build/my_project_pkg' returned '0': PYTHONPATH=/home/asaf/visual_odometry_project/build/my_project_pkg/prefix_override:/usr/lib/python3/dist-packages/colcon_core/task/python/colcon_distutils_commands:/home/asaf/visual_odometry_project/install/my_project_pkg/lib/python3.10/site-packages:${PYTHONPATH} /usr/bin/python3 -W ignore:setup.py install is deprecated setup.py develop --editable --build-directory /home/asaf/visual_odometry_project/build/my_project_pkg/build --no-deps symlink_data
[1.026s] INFO:colcon.colcon_core.shell:Creating environment descriptor '/home/asaf/visual_odometry_project/build/my_project_pkg/share/my_project_pkg/hook/pythonpath_develop.dsv'
[1.026s] INFO:colcon.colcon_core.shell:Creating environment hook '/home/asaf/visual_odometry_project/build/my_project_pkg/share/my_project_pkg/hook/pythonpath_develop.sh'
[1.028s] Level 1:colcon.colcon_core.environment:checking '/home/asaf/visual_odometry_project/install/my_project_pkg' for CMake module files
[1.028s] Level 1:colcon.colcon_core.environment:checking '/home/asaf/visual_odometry_project/install/my_project_pkg' for CMake config files
[1.029s] Level 1:colcon.colcon_core.environment:checking '/home/asaf/visual_odometry_project/install/my_project_pkg/lib'
[1.029s] Level 1:colcon.colcon_core.environment:checking '/home/asaf/visual_odometry_project/install/my_project_pkg/bin'
[1.029s] Level 1:colcon.colcon_core.environment:checking '/home/asaf/visual_odometry_project/install/my_project_pkg/lib/pkgconfig/my_project_pkg.pc'
[1.029s] Level 1:colcon.colcon_core.environment:checking '/home/asaf/visual_odometry_project/install/my_project_pkg/lib/python3.10/site-packages'
[1.029s] Level 1:colcon.colcon_core.shell:create_environment_hook('my_project_pkg', 'pythonpath')
[1.029s] INFO:colcon.colcon_core.shell:Creating environment hook '/home/asaf/visual_odometry_project/install/my_project_pkg/share/my_project_pkg/hook/pythonpath.ps1'
[1.029s] INFO:colcon.colcon_core.shell:Creating environment descriptor '/home/asaf/visual_odometry_project/install/my_project_pkg/share/my_project_pkg/hook/pythonpath.dsv'
[1.030s] INFO:colcon.colcon_core.shell:Creating environment hook '/home/asaf/visual_odometry_project/install/my_project_pkg/share/my_project_pkg/hook/pythonpath.sh'
[1.030s] Level 1:colcon.colcon_core.environment:checking '/home/asaf/visual_odometry_project/install/my_project_pkg/bin'
[1.030s] Level 1:colcon.colcon_core.environment:create_environment_scripts_only(my_project_pkg)
[1.030s] INFO:colcon.colcon_core.shell:Creating package script '/home/asaf/visual_odometry_project/install/my_project_pkg/share/my_project_pkg/package.ps1'
[1.030s] INFO:colcon.colcon_core.shell:Creating package descriptor '/home/asaf/visual_odometry_project/install/my_project_pkg/share/my_project_pkg/package.dsv'
[1.031s] INFO:colcon.colcon_core.shell:Creating package script '/home/asaf/visual_odometry_project/install/my_project_pkg/share/my_project_pkg/package.sh'
[1.031s] INFO:colcon.colcon_core.shell:Creating package script '/home/asaf/visual_odometry_project/install/my_project_pkg/share/my_project_pkg/package.bash'
[1.032s] INFO:colcon.colcon_core.shell:Creating package script '/home/asaf/visual_odometry_project/install/my_project_pkg/share/my_project_pkg/package.zsh'
[1.032s] Level 1:colcon.colcon_core.environment:create_file_with_runtime_dependencies(/home/asaf/visual_odometry_project/install/my_project_pkg/share/colcon-core/packages/my_project_pkg)
[1.032s] INFO:colcon.colcon_ros.task.ament_cmake.build:Building ROS package in '/home/asaf/visual_odometry_project/src/project_bringup' with build type 'ament_cmake'
[1.032s] INFO:colcon.colcon_cmake.task.cmake.build:Building CMake package in '/home/asaf/visual_odometry_project/src/project_bringup'
[1.033s] INFO:colcon.colcon_core.shell:Skip shell extension 'powershell' for command environment: Not usable outside of PowerShell
[1.033s] DEBUG:colcon.colcon_core.shell:Skip shell extension 'dsv' for command environment
[1.039s] DEBUG:colcon.colcon_core.event_handler.log_command:Invoking command in '/home/asaf/visual_odometry_project/build/project_bringup': AMENT_PREFIX_PATH=/home/asaf/visual_odometry_project/install/my_project_pkg:/home/asaf/visual_odometry_project/install/project_bringup:/home/asaf/ros2_ws/install/my_rover_controller:/home/asaf/ros2_ws/install/my_robot_bringup:/home/asaf/ros2_ws/install/my_robot_description:/home/asaf/ros2_ws/install/my_project_pkg:/home/asaf/ros2_ws/install/microstrain_inertial_rqt:/home/asaf/ros2_ws/install/microstrain_inertial_examples:/home/asaf/ros2_ws/install/microstrain_inertial_driver:/home/asaf/ros2_ws/install/microstrain_inertial_msgs:/home/asaf/ros2_ws/install/microstrain_inertial_description:/home/asaf/ros2_ws/install/g2_robot_description:/home/asaf/ros2_ws/install/g2_robot_bringup:/home/asaf/ros2_ws/install/color_extractor:/opt/ros/humble CMAKE_PREFIX_PATH=${CMAKE_PREFIX_PATH}:/home/asaf/visual_odometry_project/install/my_project_pkg:/home/asaf/ros2_ws/install/my_rover_controller:/home/asaf/ros2_ws/install/my_project_pkg:/home/asaf/ros2_ws/install/microstrain_inertial_rqt:/home/asaf/ros2_ws/install/color_extractor:/opt/ros/humble /usr/bin/cmake /home/asaf/visual_odometry_project/src/project_bringup -DAMENT_CMAKE_SYMLINK_INSTALL=1 -DCMAKE_INSTALL_PREFIX=/home/asaf/visual_odometry_project/install/project_bringup
[1.520s] DEBUG:colcon.colcon_core.event_handler.log_command:Invoked command in '/home/asaf/visual_odometry_project/build/project_bringup' returned '0': AMENT_PREFIX_PATH=/home/asaf/visual_odometry_project/install/my_project_pkg:/home/asaf/visual_odometry_project/install/project_bringup:/home/asaf/ros2_ws/install/my_rover_controller:/home/asaf/ros2_ws/install/my_robot_bringup:/home/asaf/ros2_ws/install/my_robot_description:/home/asaf/ros2_ws/install/my_project_pkg:/home/asaf/ros2_ws/install/microstrain_inertial_rqt:/home/asaf/ros2_ws/install/microstrain_inertial_examples:/home/asaf/ros2_ws/install/microstrain_inertial_driver:/home/asaf/ros2_ws/install/microstrain_inertial_msgs:/home/asaf/ros2_ws/install/microstrain_inertial_description:/home/asaf/ros2_ws/install/g2_robot_description:/home/asaf/ros2_ws/install/g2_robot_bringup:/home/asaf/ros2_ws/install/color_extractor:/opt/ros/humble CMAKE_PREFIX_PATH=${CMAKE_PREFIX_PATH}:/home/asaf/visual_odometry_project/install/my_project_pkg:/home/asaf/ros2_ws/install/my_rover_controller:/home/asaf/ros2_ws/install/my_project_pkg:/home/asaf/ros2_ws/install/microstrain_inertial_rqt:/home/asaf/ros2_ws/install/color_extractor:/opt/ros/humble /usr/bin/cmake /home/asaf/visual_odometry_project/src/project_bringup -DAMENT_CMAKE_SYMLINK_INSTALL=1 -DCMAKE_INSTALL_PREFIX=/home/asaf/visual_odometry_project/install/project_bringup
[1.522s] DEBUG:colcon.colcon_core.event_handler.log_command:Invoking command in '/home/asaf/visual_odometry_project/build/project_bringup': AMENT_PREFIX_PATH=/home/asaf/visual_odometry_project/install/my_project_pkg:/home/asaf/visual_odometry_project/install/project_bringup:/home/asaf/ros2_ws/install/my_rover_controller:/home/asaf/ros2_ws/install/my_robot_bringup:/home/asaf/ros2_ws/install/my_robot_description:/home/asaf/ros2_ws/install/my_project_pkg:/home/asaf/ros2_ws/install/microstrain_inertial_rqt:/home/asaf/ros2_ws/install/microstrain_inertial_examples:/home/asaf/ros2_ws/install/microstrain_inertial_driver:/home/asaf/ros2_ws/install/microstrain_inertial_msgs:/home/asaf/ros2_ws/install/microstrain_inertial_description:/home/asaf/ros2_ws/install/g2_robot_description:/home/asaf/ros2_ws/install/g2_robot_bringup:/home/asaf/ros2_ws/install/color_extractor:/opt/ros/humble CMAKE_PREFIX_PATH=${CMAKE_PREFIX_PATH}:/home/asaf/visual_odometry_project/install/my_project_pkg:/home/asaf/ros2_ws/install/my_rover_controller:/home/asaf/ros2_ws/install/my_project_pkg:/home/asaf/ros2_ws/install/microstrain_inertial_rqt:/home/asaf/ros2_ws/install/color_extractor:/opt/ros/humble /usr/bin/cmake --build /home/asaf/visual_odometry_project/build/project_bringup -- -j8 -l8
[1.551s] DEBUG:colcon.colcon_core.event_handler.log_command:Invoked command in '/home/asaf/visual_odometry_project/build/project_bringup' returned '0': AMENT_PREFIX_PATH=/home/asaf/visual_odometry_project/install/my_project_pkg:/home/asaf/visual_odometry_project/install/project_bringup:/home/asaf/ros2_ws/install/my_rover_controller:/home/asaf/ros2_ws/install/my_robot_bringup:/home/asaf/ros2_ws/install/my_robot_description:/home/asaf/ros2_ws/install/my_project_pkg:/home/asaf/ros2_ws/install/microstrain_inertial_rqt:/home/asaf/ros2_ws/install/microstrain_inertial_examples:/home/asaf/ros2_ws/install/microstrain_inertial_driver:/home/asaf/ros2_ws/install/microstrain_inertial_msgs:/home/asaf/ros2_ws/install/microstrain_inertial_description:/home/asaf/ros2_ws/install/g2_robot_description:/home/asaf/ros2_ws/install/g2_robot_bringup:/home/asaf/ros2_ws/install/color_extractor:/opt/ros/humble CMAKE_PREFIX_PATH=${CMAKE_PREFIX_PATH}:/home/asaf/visual_odometry_project/install/my_project_pkg:/home/asaf/ros2_ws/install/my_rover_controller:/home/asaf/ros2_ws/install/my_project_pkg:/home/asaf/ros2_ws/install/microstrain_inertial_rqt:/home/asaf/ros2_ws/install/color_extractor:/opt/ros/humble /usr/bin/cmake --build /home/asaf/visual_odometry_project/build/project_bringup -- -j8 -l8
[1.575s] DEBUG:colcon.colcon_core.event_handler.log_command:Invoking command in '/home/asaf/visual_odometry_project/build/project_bringup': AMENT_PREFIX_PATH=/home/asaf/visual_odometry_project/install/my_project_pkg:/home/asaf/visual_odometry_project/install/project_bringup:/home/asaf/ros2_ws/install/my_rover_controller:/home/asaf/ros2_ws/install/my_robot_bringup:/home/asaf/ros2_ws/install/my_robot_description:/home/asaf/ros2_ws/install/my_project_pkg:/home/asaf/ros2_ws/install/microstrain_inertial_rqt:/home/asaf/ros2_ws/install/microstrain_inertial_examples:/home/asaf/ros2_ws/install/microstrain_inertial_driver:/home/asaf/ros2_ws/install/microstrain_inertial_msgs:/home/asaf/ros2_ws/install/microstrain_inertial_description:/home/asaf/ros2_ws/install/g2_robot_description:/home/asaf/ros2_ws/install/g2_robot_bringup:/home/asaf/ros2_ws/install/color_extractor:/opt/ros/humble CMAKE_PREFIX_PATH=${CMAKE_PREFIX_PATH}:/home/asaf/visual_odometry_project/install/my_project_pkg:/home/asaf/ros2_ws/install/my_rover_controller:/home/asaf/ros2_ws/install/my_project_pkg:/home/asaf/ros2_ws/install/microstrain_inertial_rqt:/home/asaf/ros2_ws/install/color_extractor:/opt/ros/humble /usr/bin/cmake --install /home/asaf/visual_odometry_project/build/project_bringup
[1.713s] Level 1:colcon.colcon_core.environment:create_environment_scripts_only(project_bringup)
[1.714s] Level 1:colcon.colcon_core.environment:checking '/home/asaf/visual_odometry_project/install/project_bringup' for CMake module files
[1.714s] DEBUG:colcon.colcon_core.event_handler.log_command:Invoked command in '/home/asaf/visual_odometry_project/build/project_bringup' returned '0': AMENT_PREFIX_PATH=/home/asaf/visual_odometry_project/install/my_project_pkg:/home/asaf/visual_odometry_project/install/project_bringup:/home/asaf/ros2_ws/install/my_rover_controller:/home/asaf/ros2_ws/install/my_robot_bringup:/home/asaf/ros2_ws/install/my_robot_description:/home/asaf/ros2_ws/install/my_project_pkg:/home/asaf/ros2_ws/install/microstrain_inertial_rqt:/home/asaf/ros2_ws/install/microstrain_inertial_examples:/home/asaf/ros2_ws/install/microstrain_inertial_driver:/home/asaf/ros2_ws/install/microstrain_inertial_msgs:/home/asaf/ros2_ws/install/microstrain_inertial_description:/home/asaf/ros2_ws/install/g2_robot_description:/home/asaf/ros2_ws/install/g2_robot_bringup:/home/asaf/ros2_ws/install/color_extractor:/opt/ros/humble CMAKE_PREFIX_PATH=${CMAKE_PREFIX_PATH}:/home/asaf/visual_odometry_project/install/my_project_pkg:/home/asaf/ros2_ws/install/my_rover_controller:/home/asaf/ros2_ws/install/my_project_pkg:/home/asaf/ros2_ws/install/microstrain_inertial_rqt:/home/asaf/ros2_ws/install/color_extractor:/opt/ros/humble /usr/bin/cmake --install /home/asaf/visual_odometry_project/build/project_bringup
[1.714s] Level 1:colcon.colcon_core.environment:checking '/home/asaf/visual_odometry_project/install/project_bringup' for CMake config files
[1.715s] Level 1:colcon.colcon_core.shell:create_environment_hook('project_bringup', 'cmake_prefix_path')
[1.715s] INFO:colcon.colcon_core.shell:Creating environment hook '/home/asaf/visual_odometry_project/install/project_bringup/share/project_bringup/hook/cmake_prefix_path.ps1'
[1.715s] INFO:colcon.colcon_core.shell:Creating environment descriptor '/home/asaf/visual_odometry_project/install/project_bringup/share/project_bringup/hook/cmake_prefix_path.dsv'
[1.715s] INFO:colcon.colcon_core.shell:Creating environment hook '/home/asaf/visual_odometry_project/install/project_bringup/share/project_bringup/hook/cmake_prefix_path.sh'
[1.716s] Level 1:colcon.colcon_core.environment:checking '/home/asaf/visual_odometry_project/install/project_bringup/bin'
[1.716s] Level 1:colcon.colcon_core.environment:checking '/home/asaf/visual_odometry_project/install/project_bringup/lib/pkgconfig/project_bringup.pc'
[1.716s] Level 1:colcon.colcon_core.environment:checking '/home/asaf/visual_odometry_project/install/project_bringup/lib/python3.10/site-packages'
[1.716s] Level 1:colcon.colcon_core.environment:checking '/home/asaf/visual_odometry_project/install/project_bringup/bin'
[1.716s] INFO:colcon.colcon_core.shell:Creating package script '/home/asaf/visual_odometry_project/install/project_bringup/share/project_bringup/package.ps1'
[1.716s] INFO:colcon.colcon_core.shell:Creating package descriptor '/home/asaf/visual_odometry_project/install/project_bringup/share/project_bringup/package.dsv'
[1.717s] INFO:colcon.colcon_core.shell:Creating package script '/home/asaf/visual_odometry_project/install/project_bringup/share/project_bringup/package.sh'
[1.717s] INFO:colcon.colcon_core.shell:Creating package script '/home/asaf/visual_odometry_project/install/project_bringup/share/project_bringup/package.bash'
[1.717s] INFO:colcon.colcon_core.shell:Creating package script '/home/asaf/visual_odometry_project/install/project_bringup/share/project_bringup/package.zsh'
[1.717s] Level 1:colcon.colcon_core.environment:create_file_with_runtime_dependencies(/home/asaf/visual_odometry_project/install/project_bringup/share/colcon-core/packages/project_bringup)
[1.734s] Level 1:colcon.colcon_core.environment:create_environment_scripts_only(project_bringup)
[1.734s] Level 1:colcon.colcon_core.environment:checking '/home/asaf/visual_odometry_project/install/project_bringup' for CMake module files
[1.735s] Level 1:colcon.colcon_core.environment:checking '/home/asaf/visual_odometry_project/install/project_bringup' for CMake config files
[1.735s] Level 1:colcon.colcon_core.shell:create_environment_hook('project_bringup', 'cmake_prefix_path')
[1.735s] INFO:colcon.colcon_core.shell:Creating environment hook '/home/asaf/visual_odometry_project/install/project_bringup/share/project_bringup/hook/cmake_prefix_path.ps1'
[1.735s] INFO:colcon.colcon_core.shell:Creating environment descriptor '/home/asaf/visual_odometry_project/install/project_bringup/share/project_bringup/hook/cmake_prefix_path.dsv'
[1.736s] INFO:colcon.colcon_core.shell:Creating environment hook '/home/asaf/visual_odometry_project/install/project_bringup/share/project_bringup/hook/cmake_prefix_path.sh'
[1.736s] Level 1:colcon.colcon_core.environment:checking '/home/asaf/visual_odometry_project/install/project_bringup/bin'
[1.736s] Level 1:colcon.colcon_core.environment:checking '/home/asaf/visual_odometry_project/install/project_bringup/lib/pkgconfig/project_bringup.pc'
[1.736s] Level 1:colcon.colcon_core.environment:checking '/home/asaf/visual_odometry_project/install/project_bringup/lib/python3.10/site-packages'
[1.736s] Level 1:colcon.colcon_core.environment:checking '/home/asaf/visual_odometry_project/install/project_bringup/bin'
[1.737s] INFO:colcon.colcon_core.shell:Creating package script '/home/asaf/visual_odometry_project/install/project_bringup/share/project_bringup/package.ps1'
[1.737s] INFO:colcon.colcon_core.shell:Creating package descriptor '/home/asaf/visual_odometry_project/install/project_bringup/share/project_bringup/package.dsv'
[1.737s] INFO:colcon.colcon_core.shell:Creating package script '/home/asaf/visual_odometry_project/install/project_bringup/share/project_bringup/package.sh'
[1.737s] INFO:colcon.colcon_core.shell:Creating package script '/home/asaf/visual_odometry_project/install/project_bringup/share/project_bringup/package.bash'
[1.738s] INFO:colcon.colcon_core.shell:Creating package script '/home/asaf/visual_odometry_project/install/project_bringup/share/project_bringup/package.zsh'
[1.738s] Level 1:colcon.colcon_core.environment:create_file_with_runtime_dependencies(/home/asaf/visual_odometry_project/install/project_bringup/share/colcon-core/packages/project_bringup)
[1.738s] DEBUG:colcon.colcon_parallel_executor.executor.parallel:closing loop
[1.738s] DEBUG:colcon.colcon_parallel_executor.executor.parallel:loop closed
[1.738s] DEBUG:colcon.colcon_parallel_executor.executor.parallel:run_until_complete finished with '0'
[1.738s] DEBUG:colcon.colcon_core.event_reactor:joining thread
[1.742s] INFO:colcon.colcon_core.plugin_system:Skipping extension 'colcon_notification.desktop_notification.terminal_notifier': Not used on non-Darwin systems
[1.743s] INFO:colcon.colcon_core.plugin_system:Skipping extension 'colcon_notification.desktop_notification.win32': Not used on non-Windows systems
[1.743s] INFO:colcon.colcon_notification.desktop_notification:Sending desktop notification using 'notify2'
[1.753s] DEBUG:colcon.colcon_core.event_reactor:joined thread
[1.754s] INFO:colcon.colcon_core.shell:Creating prefix script '/home/asaf/visual_odometry_project/install/local_setup.ps1'
[1.754s] INFO:colcon.colcon_core.shell:Creating prefix util module '/home/asaf/visual_odometry_project/install/_local_setup_util_ps1.py'
[1.756s] INFO:colcon.colcon_core.shell:Creating prefix chain script '/home/asaf/visual_odometry_project/install/setup.ps1'
[1.757s] INFO:colcon.colcon_core.shell:Creating prefix script '/home/asaf/visual_odometry_project/install/local_setup.sh'
[1.757s] INFO:colcon.colcon_core.shell:Creating prefix util module '/home/asaf/visual_odometry_project/install/_local_setup_util_sh.py'
[1.758s] INFO:colcon.colcon_core.shell:Creating prefix chain script '/home/asaf/visual_odometry_project/install/setup.sh'
[1.758s] INFO:colcon.colcon_core.shell:Creating prefix script '/home/asaf/visual_odometry_project/install/local_setup.bash'
[1.759s] INFO:colcon.colcon_core.shell:Creating prefix chain script '/home/asaf/visual_odometry_project/install/setup.bash'
[1.760s] INFO:colcon.colcon_core.shell:Creating prefix script '/home/asaf/visual_odometry_project/install/local_setup.zsh'
[1.760s] INFO:colcon.colcon_core.shell:Creating prefix chain script '/home/asaf/visual_odometry_project/install/setup.zsh'
