[0.461s] Invoking command in '/home/asaf/visual_odom_project/src/my_project_pkg': PYTHONPATH=/home/asaf/visual_odom_project/build/my_project_pkg/prefix_override:/usr/lib/python3/dist-packages/colcon_core/task/python/colcon_distutils_commands:/home/asaf/visual_odom_project/install/my_project_pkg/lib/python3.10/site-packages:${PYTHONPATH} /usr/bin/python3 -W ignore:setup.py install is deprecated setup.py egg_info --egg-base ../../build/my_project_pkg build --build-base /home/asaf/visual_odom_project/build/my_project_pkg/build install --record /home/asaf/visual_odom_project/build/my_project_pkg/install.log --single-version-externally-managed install_data
[0.625s] running egg_info
[0.625s] writing ../../build/my_project_pkg/my_project_pkg.egg-info/PKG-INFO
[0.625s] writing dependency_links to ../../build/my_project_pkg/my_project_pkg.egg-info/dependency_links.txt
[0.625s] writing entry points to ../../build/my_project_pkg/my_project_pkg.egg-info/entry_points.txt
[0.625s] writing requirements to ../../build/my_project_pkg/my_project_pkg.egg-info/requires.txt
[0.625s] writing top-level names to ../../build/my_project_pkg/my_project_pkg.egg-info/top_level.txt
[0.627s] reading manifest file '../../build/my_project_pkg/my_project_pkg.egg-info/SOURCES.txt'
[0.637s] writing manifest file '../../build/my_project_pkg/my_project_pkg.egg-info/SOURCES.txt'
[0.637s] running build
[0.637s] running build_py
[0.637s] running install
[0.637s] running install_lib
[0.638s] running install_data
[0.638s] running install_egg_info
[0.639s] removing '/home/asaf/visual_odom_project/install/my_project_pkg/lib/python3.10/site-packages/my_project_pkg-0.0.0-py3.10.egg-info' (and everything under it)
[0.639s] Copying ../../build/my_project_pkg/my_project_pkg.egg-info to /home/asaf/visual_odom_project/install/my_project_pkg/lib/python3.10/site-packages/my_project_pkg-0.0.0-py3.10.egg-info
[0.640s] running install_scripts
[0.653s] Installing optical_flow_run script to /home/asaf/visual_odom_project/install/my_project_pkg/lib/my_project_pkg
[0.653s] writing list of installed files to '/home/asaf/visual_odom_project/build/my_project_pkg/install.log'
[0.669s] Invoked command in '/home/asaf/visual_odom_project/src/my_project_pkg' returned '0': PYTHONPATH=/home/asaf/visual_odom_project/build/my_project_pkg/prefix_override:/usr/lib/python3/dist-packages/colcon_core/task/python/colcon_distutils_commands:/home/asaf/visual_odom_project/install/my_project_pkg/lib/python3.10/site-packages:${PYTHONPATH} /usr/bin/python3 -W ignore:setup.py install is deprecated setup.py egg_info --egg-base ../../build/my_project_pkg build --build-base /home/asaf/visual_odom_project/build/my_project_pkg/build install --record /home/asaf/visual_odom_project/build/my_project_pkg/install.log --single-version-externally-managed install_data
