running egg_info
creating ../../build/my_project_pkg/my_project_pkg.egg-info
writing ../../build/my_project_pkg/my_project_pkg.egg-info/PKG-INFO
writing dependency_links to ../../build/my_project_pkg/my_project_pkg.egg-info/dependency_links.txt
writing entry points to ../../build/my_project_pkg/my_project_pkg.egg-info/entry_points.txt
writing requirements to ../../build/my_project_pkg/my_project_pkg.egg-info/requires.txt
writing top-level names to ../../build/my_project_pkg/my_project_pkg.egg-info/top_level.txt
writing manifest file '../../build/my_project_pkg/my_project_pkg.egg-info/SOURCES.txt'
reading manifest file '../../build/my_project_pkg/my_project_pkg.egg-info/SOURCES.txt'
writing manifest file '../../build/my_project_pkg/my_project_pkg.egg-info/SOURCES.txt'
running build
running build_py
creating /workspaces/visual_odometry_project/build/my_project_pkg/build
creating /workspaces/visual_odometry_project/build/my_project_pkg/build/lib
creating /workspaces/visual_odometry_project/build/my_project_pkg/build/lib/my_project_pkg
copying my_project_pkg/distortion_video.py -> /workspaces/visual_odometry_project/build/my_project_pkg/build/lib/my_project_pkg
copying my_project_pkg/__init__.py -> /workspaces/visual_odometry_project/build/my_project_pkg/build/lib/my_project_pkg
copying my_project_pkg/camera_calibrate_params.py -> /workspaces/visual_odometry_project/build/my_project_pkg/build/lib/my_project_pkg
copying my_project_pkg/optical_flow_node.py -> /workspaces/visual_odometry_project/build/my_project_pkg/build/lib/my_project_pkg
running install
running install_lib
creating /workspaces/visual_odometry_project/install/my_project_pkg/lib/python3.10/site-packages/my_project_pkg
copying /workspaces/visual_odometry_project/build/my_project_pkg/build/lib/my_project_pkg/distortion_video.py -> /workspaces/visual_odometry_project/install/my_project_pkg/lib/python3.10/site-packages/my_project_pkg
copying /workspaces/visual_odometry_project/build/my_project_pkg/build/lib/my_project_pkg/__init__.py -> /workspaces/visual_odometry_project/install/my_project_pkg/lib/python3.10/site-packages/my_project_pkg
copying /workspaces/visual_odometry_project/build/my_project_pkg/build/lib/my_project_pkg/camera_calibrate_params.py -> /workspaces/visual_odometry_project/install/my_project_pkg/lib/python3.10/site-packages/my_project_pkg
copying /workspaces/visual_odometry_project/build/my_project_pkg/build/lib/my_project_pkg/optical_flow_node.py -> /workspaces/visual_odometry_project/install/my_project_pkg/lib/python3.10/site-packages/my_project_pkg
byte-compiling /workspaces/visual_odometry_project/install/my_project_pkg/lib/python3.10/site-packages/my_project_pkg/distortion_video.py to distortion_video.cpython-310.pyc
byte-compiling /workspaces/visual_odometry_project/install/my_project_pkg/lib/python3.10/site-packages/my_project_pkg/__init__.py to __init__.cpython-310.pyc
byte-compiling /workspaces/visual_odometry_project/install/my_project_pkg/lib/python3.10/site-packages/my_project_pkg/camera_calibrate_params.py to camera_calibrate_params.cpython-310.pyc
byte-compiling /workspaces/visual_odometry_project/install/my_project_pkg/lib/python3.10/site-packages/my_project_pkg/optical_flow_node.py to optical_flow_node.cpython-310.pyc
running install_data
creating /workspaces/visual_odometry_project/install/my_project_pkg/share/ament_index
creating /workspaces/visual_odometry_project/install/my_project_pkg/share/ament_index/resource_index
creating /workspaces/visual_odometry_project/install/my_project_pkg/share/ament_index/resource_index/packages
copying resource/my_project_pkg -> /workspaces/visual_odometry_project/install/my_project_pkg/share/ament_index/resource_index/packages
copying package.xml -> /workspaces/visual_odometry_project/install/my_project_pkg/share/my_project_pkg
running install_egg_info
Copying ../../build/my_project_pkg/my_project_pkg.egg-info to /workspaces/visual_odometry_project/install/my_project_pkg/lib/python3.10/site-packages/my_project_pkg-0.0.0-py3.10.egg-info
running install_scripts
Installing optical_flow_run script to /workspaces/visual_odometry_project/install/my_project_pkg/lib/my_project_pkg
writing list of installed files to '/workspaces/visual_odometry_project/build/my_project_pkg/install.log'
