[0.312s] Invoking command in '/workspaces/visual_odometry_project/src/my_project_pkg': PYTHONPATH=/workspaces/visual_odometry_project/build/my_project_pkg/prefix_override:/usr/lib/python3/dist-packages/colcon_core/task/python/colcon_distutils_commands:/workspaces/visual_odometry_project/install/my_project_pkg/lib/python3.10/site-packages: /usr/bin/python3 -W ignore:setup.py install is deprecated setup.py egg_info --egg-base ../../build/my_project_pkg build --build-base /workspaces/visual_odometry_project/build/my_project_pkg/build install --record /workspaces/visual_odometry_project/build/my_project_pkg/install.log --single-version-externally-managed install_data
[0.415s] running egg_info
[0.415s] creating ../../build/my_project_pkg/my_project_pkg.egg-info
[0.415s] writing ../../build/my_project_pkg/my_project_pkg.egg-info/PKG-INFO
[0.416s] writing dependency_links to ../../build/my_project_pkg/my_project_pkg.egg-info/dependency_links.txt
[0.416s] writing entry points to ../../build/my_project_pkg/my_project_pkg.egg-info/entry_points.txt
[0.416s] writing requirements to ../../build/my_project_pkg/my_project_pkg.egg-info/requires.txt
[0.416s] writing top-level names to ../../build/my_project_pkg/my_project_pkg.egg-info/top_level.txt
[0.416s] writing manifest file '../../build/my_project_pkg/my_project_pkg.egg-info/SOURCES.txt'
[0.417s] reading manifest file '../../build/my_project_pkg/my_project_pkg.egg-info/SOURCES.txt'
[0.417s] writing manifest file '../../build/my_project_pkg/my_project_pkg.egg-info/SOURCES.txt'
[0.417s] running build
[0.417s] running build_py
[0.417s] creating /workspaces/visual_odometry_project/build/my_project_pkg/build
[0.417s] creating /workspaces/visual_odometry_project/build/my_project_pkg/build/lib
[0.417s] creating /workspaces/visual_odometry_project/build/my_project_pkg/build/lib/my_project_pkg
[0.417s] copying my_project_pkg/distortion_video.py -> /workspaces/visual_odometry_project/build/my_project_pkg/build/lib/my_project_pkg
[0.418s] copying my_project_pkg/__init__.py -> /workspaces/visual_odometry_project/build/my_project_pkg/build/lib/my_project_pkg
[0.418s] copying my_project_pkg/camera_calibrate_params.py -> /workspaces/visual_odometry_project/build/my_project_pkg/build/lib/my_project_pkg
[0.418s] copying my_project_pkg/optical_flow_node.py -> /workspaces/visual_odometry_project/build/my_project_pkg/build/lib/my_project_pkg
[0.418s] running install
[0.418s] running install_lib
[0.418s] creating /workspaces/visual_odometry_project/install/my_project_pkg/lib/python3.10/site-packages/my_project_pkg
[0.418s] copying /workspaces/visual_odometry_project/build/my_project_pkg/build/lib/my_project_pkg/distortion_video.py -> /workspaces/visual_odometry_project/install/my_project_pkg/lib/python3.10/site-packages/my_project_pkg
[0.419s] copying /workspaces/visual_odometry_project/build/my_project_pkg/build/lib/my_project_pkg/__init__.py -> /workspaces/visual_odometry_project/install/my_project_pkg/lib/python3.10/site-packages/my_project_pkg
[0.419s] copying /workspaces/visual_odometry_project/build/my_project_pkg/build/lib/my_project_pkg/camera_calibrate_params.py -> /workspaces/visual_odometry_project/install/my_project_pkg/lib/python3.10/site-packages/my_project_pkg
[0.419s] copying /workspaces/visual_odometry_project/build/my_project_pkg/build/lib/my_project_pkg/optical_flow_node.py -> /workspaces/visual_odometry_project/install/my_project_pkg/lib/python3.10/site-packages/my_project_pkg
[0.419s] byte-compiling /workspaces/visual_odometry_project/install/my_project_pkg/lib/python3.10/site-packages/my_project_pkg/distortion_video.py to distortion_video.cpython-310.pyc
[0.420s] byte-compiling /workspaces/visual_odometry_project/install/my_project_pkg/lib/python3.10/site-packages/my_project_pkg/__init__.py to __init__.cpython-310.pyc
[0.420s] byte-compiling /workspaces/visual_odometry_project/install/my_project_pkg/lib/python3.10/site-packages/my_project_pkg/camera_calibrate_params.py to camera_calibrate_params.cpython-310.pyc
[0.420s] byte-compiling /workspaces/visual_odometry_project/install/my_project_pkg/lib/python3.10/site-packages/my_project_pkg/optical_flow_node.py to optical_flow_node.cpython-310.pyc
[0.423s] running install_data
[0.423s] creating /workspaces/visual_odometry_project/install/my_project_pkg/share/ament_index
[0.423s] creating /workspaces/visual_odometry_project/install/my_project_pkg/share/ament_index/resource_index
[0.423s] creating /workspaces/visual_odometry_project/install/my_project_pkg/share/ament_index/resource_index/packages
[0.423s] copying resource/my_project_pkg -> /workspaces/visual_odometry_project/install/my_project_pkg/share/ament_index/resource_index/packages
[0.423s] copying package.xml -> /workspaces/visual_odometry_project/install/my_project_pkg/share/my_project_pkg
[0.423s] running install_egg_info
[0.424s] Copying ../../build/my_project_pkg/my_project_pkg.egg-info to /workspaces/visual_odometry_project/install/my_project_pkg/lib/python3.10/site-packages/my_project_pkg-0.0.0-py3.10.egg-info
[0.425s] running install_scripts
[0.438s] Installing optical_flow_run script to /workspaces/visual_odometry_project/install/my_project_pkg/lib/my_project_pkg
[0.438s] writing list of installed files to '/workspaces/visual_odometry_project/build/my_project_pkg/install.log'
[0.454s] Invoked command in '/workspaces/visual_odometry_project/src/my_project_pkg' returned '0': PYTHONPATH=/workspaces/visual_odometry_project/build/my_project_pkg/prefix_override:/usr/lib/python3/dist-packages/colcon_core/task/python/colcon_distutils_commands:/workspaces/visual_odometry_project/install/my_project_pkg/lib/python3.10/site-packages: /usr/bin/python3 -W ignore:setup.py install is deprecated setup.py egg_info --egg-base ../../build/my_project_pkg build --build-base /workspaces/visual_odometry_project/build/my_project_pkg/build install --record /workspaces/visual_odometry_project/build/my_project_pkg/install.log --single-version-externally-managed install_data
