[0.003s] Invoking command in '/workspaces/visual_odometry_project/build/project_bringup': AMENT_PREFIX_PATH=/workspaces/visual_odometry_project/install/my_project_pkg PYTHONPATH=/workspaces/visual_odometry_project/install/my_project_pkg/lib/python3.10/site-packages /usr/bin/cmake /workspaces/visual_odometry_project/src/project_bringup -DCMAKE_INSTALL_PREFIX=/workspaces/visual_odometry_project/install/project_bringup
[0.078s] -- The C compiler identification is GNU 11.4.0
[0.133s] -- The CXX compiler identification is GNU 11.4.0
[0.140s] -- Detecting C compiler ABI info
[0.188s] -- Detecting C compiler ABI info - done
[0.193s] -- Check for working C compiler: /usr/bin/cc - skipped
[0.194s] -- Detecting C compile features
[0.194s] -- Detecting C compile features - done
[0.197s] -- Detecting CXX compiler ABI info
[0.250s] -- Detecting CXX compiler ABI info - done
[0.255s] -- Check for working CXX compiler: /usr/bin/c++ - skipped
[0.256s] -- Detecting CXX compile features
[0.256s] -- Detecting CXX compile features - done
[0.262s] [31mCMake Error at CMakeLists.txt:9 (find_package):
[0.262s]   By not providing "Findament_cmake.cmake" in CMAKE_MODULE_PATH this project
[0.262s]   has asked CMake to find a package configuration file provided by
[0.262s]   "ament_cmake", but CMake did not find one.
[0.262s] 
[0.262s]   Could not find a package configuration file provided by "ament_cmake" with
[0.262s]   any of the following names:
[0.262s] 
[0.262s]     ament_cmakeConfig.cmake
[0.262s]     ament_cmake-config.cmake
[0.262s] 
[0.262s]   Add the installation prefix of "ament_cmake" to CMAKE_PREFIX_PATH or set
[0.263s]   "ament_cmake_DIR" to a directory containing one of the above files.  If
[0.263s]   "ament_cmake" provides a separate development package or SDK, be sure it
[0.263s]   has been installed.
[0.263s] 
[0.263s] [0m
[0.263s] -- Configuring incomplete, errors occurred!
[0.263s] See also "/workspaces/visual_odometry_project/build/project_bringup/CMakeFiles/CMakeOutput.log".
[0.264s] Invoked command in '/workspaces/visual_odometry_project/build/project_bringup' returned '1': AMENT_PREFIX_PATH=/workspaces/visual_odometry_project/install/my_project_pkg PYTHONPATH=/workspaces/visual_odometry_project/install/my_project_pkg/lib/python3.10/site-packages /usr/bin/cmake /workspaces/visual_odometry_project/src/project_bringup -DCMAKE_INSTALL_PREFIX=/workspaces/visual_odometry_project/install/project_bringup
