-- Found ament_cmake: 1.3.9 (/opt/ros/humble/share/ament_cmake/cmake)
-- Override CMake install command with custom implementation using symlinks instead of copying resources
-- Configuring done
-- Generating done
-- Build files have been written to: /home/asaf/visual_odom_project/build/project_bringup
-- Install configuration: ""
-- Execute custom install script
-- Symlinking: /home/asaf/visual_odom_project/install/project_bringup/share/project_bringup/launch/optical_flow_app.launch.py
-- Symlinking: /home/asaf/visual_odom_project/install/project_bringup/share/ament_index/resource_index/package_run_dependencies/project_bringup
-- Symlinking: /home/asaf/visual_odom_project/install/project_bringup/share/ament_index/resource_index/parent_prefix_path/project_bringup
-- Symlinking: /home/asaf/visual_odom_project/install/project_bringup/share/project_bringup/environment/ament_prefix_path.sh
-- Symlinking: /home/asaf/visual_odom_project/install/project_bringup/share/project_bringup/environment/ament_prefix_path.dsv
-- Symlinking: /home/asaf/visual_odom_project/install/project_bringup/share/project_bringup/environment/path.sh
-- Symlinking: /home/asaf/visual_odom_project/install/project_bringup/share/project_bringup/environment/path.dsv
-- Symlinking: /home/asaf/visual_odom_project/install/project_bringup/share/project_bringup/local_setup.bash
-- Symlinking: /home/asaf/visual_odom_project/install/project_bringup/share/project_bringup/local_setup.sh
-- Symlinking: /home/asaf/visual_odom_project/install/project_bringup/share/project_bringup/local_setup.zsh
-- Symlinking: /home/asaf/visual_odom_project/install/project_bringup/share/project_bringup/local_setup.dsv
-- Symlinking: /home/asaf/visual_odom_project/install/project_bringup/share/project_bringup/package.dsv
-- Symlinking: /home/asaf/visual_odom_project/install/project_bringup/share/ament_index/resource_index/packages/project_bringup
-- Symlinking: /home/asaf/visual_odom_project/install/project_bringup/share/project_bringup/cmake/project_bringupConfig.cmake
-- Symlinking: /home/asaf/visual_odom_project/install/project_bringup/share/project_bringup/cmake/project_bringupConfig-version.cmake
-- Symlinking: /home/asaf/visual_odom_project/install/project_bringup/share/project_bringup/package.xml
