[0.007s] Invoking command in '/home/asaf/visual_odom_project/build/project_bringup': CMAKE_PREFIX_PATH=${CMAKE_PREFIX_PATH}:/home/asaf/visual_odom_project/install/my_project_pkg:/home/asaf/ros2_ws/install/my_rover_controller:/home/asaf/ros2_ws/install/my_project_pkg:/home/asaf/ros2_ws/install/microstrain_inertial_rqt:/home/asaf/ros2_ws/install/color_extractor:/opt/ros/humble /usr/bin/cmake /home/asaf/visual_odom_project/src/project_bringup -DAMENT_CMAKE_SYMLINK_INSTALL=1 -DCMAKE_INSTALL_PREFIX=/home/asaf/visual_odom_project/install/project_bringup
[0.016s] -- Found ament_cmake: 1.3.9 (/opt/ros/humble/share/ament_cmake/cmake)
[0.092s] -- Override CMake install command with custom implementation using symlinks instead of copying resources
[0.140s] -- Configuring done
[0.142s] -- Generating done
[0.143s] -- Build files have been written to: /home/asaf/visual_odom_project/build/project_bringup
[0.145s] Invoked command in '/home/asaf/visual_odom_project/build/project_bringup' returned '0': CMAKE_PREFIX_PATH=${CMAKE_PREFIX_PATH}:/home/asaf/visual_odom_project/install/my_project_pkg:/home/asaf/ros2_ws/install/my_rover_controller:/home/asaf/ros2_ws/install/my_project_pkg:/home/asaf/ros2_ws/install/microstrain_inertial_rqt:/home/asaf/ros2_ws/install/color_extractor:/opt/ros/humble /usr/bin/cmake /home/asaf/visual_odom_project/src/project_bringup -DAMENT_CMAKE_SYMLINK_INSTALL=1 -DCMAKE_INSTALL_PREFIX=/home/asaf/visual_odom_project/install/project_bringup
[0.146s] Invoking command in '/home/asaf/visual_odom_project/build/project_bringup': CMAKE_PREFIX_PATH=${CMAKE_PREFIX_PATH}:/home/asaf/visual_odom_project/install/my_project_pkg:/home/asaf/ros2_ws/install/my_rover_controller:/home/asaf/ros2_ws/install/my_project_pkg:/home/asaf/ros2_ws/install/microstrain_inertial_rqt:/home/asaf/ros2_ws/install/color_extractor:/opt/ros/humble /usr/bin/cmake --build /home/asaf/visual_odom_project/build/project_bringup -- -j8 -l8
[0.174s] Invoked command in '/home/asaf/visual_odom_project/build/project_bringup' returned '0': CMAKE_PREFIX_PATH=${CMAKE_PREFIX_PATH}:/home/asaf/visual_odom_project/install/my_project_pkg:/home/asaf/ros2_ws/install/my_rover_controller:/home/asaf/ros2_ws/install/my_project_pkg:/home/asaf/ros2_ws/install/microstrain_inertial_rqt:/home/asaf/ros2_ws/install/color_extractor:/opt/ros/humble /usr/bin/cmake --build /home/asaf/visual_odom_project/build/project_bringup -- -j8 -l8
[0.202s] Invoking command in '/home/asaf/visual_odom_project/build/project_bringup': CMAKE_PREFIX_PATH=${CMAKE_PREFIX_PATH}:/home/asaf/visual_odom_project/install/my_project_pkg:/home/asaf/ros2_ws/install/my_rover_controller:/home/asaf/ros2_ws/install/my_project_pkg:/home/asaf/ros2_ws/install/microstrain_inertial_rqt:/home/asaf/ros2_ws/install/color_extractor:/opt/ros/humble /usr/bin/cmake --install /home/asaf/visual_odom_project/build/project_bringup
[0.207s] -- Install configuration: ""
[0.208s] -- Execute custom install script
[0.208s] -- Symlinking: /home/asaf/visual_odom_project/install/project_bringup/share/project_bringup/launch/optical_flow_app.launch.py
[0.215s] -- Symlinking: /home/asaf/visual_odom_project/install/project_bringup/share/ament_index/resource_index/package_run_dependencies/project_bringup
[0.221s] -- Symlinking: /home/asaf/visual_odom_project/install/project_bringup/share/ament_index/resource_index/parent_prefix_path/project_bringup
[0.228s] -- Symlinking: /home/asaf/visual_odom_project/install/project_bringup/share/project_bringup/environment/ament_prefix_path.sh
[0.235s] -- Symlinking: /home/asaf/visual_odom_project/install/project_bringup/share/project_bringup/environment/ament_prefix_path.dsv
[0.241s] -- Symlinking: /home/asaf/visual_odom_project/install/project_bringup/share/project_bringup/environment/path.sh
[0.247s] -- Symlinking: /home/asaf/visual_odom_project/install/project_bringup/share/project_bringup/environment/path.dsv
[0.253s] -- Symlinking: /home/asaf/visual_odom_project/install/project_bringup/share/project_bringup/local_setup.bash
[0.259s] -- Symlinking: /home/asaf/visual_odom_project/install/project_bringup/share/project_bringup/local_setup.sh
[0.265s] -- Symlinking: /home/asaf/visual_odom_project/install/project_bringup/share/project_bringup/local_setup.zsh
[0.272s] -- Symlinking: /home/asaf/visual_odom_project/install/project_bringup/share/project_bringup/local_setup.dsv
[0.278s] -- Symlinking: /home/asaf/visual_odom_project/install/project_bringup/share/project_bringup/package.dsv
[0.285s] -- Symlinking: /home/asaf/visual_odom_project/install/project_bringup/share/ament_index/resource_index/packages/project_bringup
[0.290s] -- Symlinking: /home/asaf/visual_odom_project/install/project_bringup/share/project_bringup/cmake/project_bringupConfig.cmake
[0.297s] -- Symlinking: /home/asaf/visual_odom_project/install/project_bringup/share/project_bringup/cmake/project_bringupConfig-version.cmake
[0.303s] -- Symlinking: /home/asaf/visual_odom_project/install/project_bringup/share/project_bringup/package.xml
[0.311s] Invoked command in '/home/asaf/visual_odom_project/build/project_bringup' returned '0': CMAKE_PREFIX_PATH=${CMAKE_PREFIX_PATH}:/home/asaf/visual_odom_project/install/my_project_pkg:/home/asaf/ros2_ws/install/my_rover_controller:/home/asaf/ros2_ws/install/my_project_pkg:/home/asaf/ros2_ws/install/microstrain_inertial_rqt:/home/asaf/ros2_ws/install/color_extractor:/opt/ros/humble /usr/bin/cmake --install /home/asaf/visual_odom_project/build/project_bringup
