[0.090s] DEBUG:colcon:Command line arguments: ['/usr/bin/colcon', 'list', '-p', '--base-paths', '/home/asaf/visual_odom_project']
[0.090s] DEBUG:colcon:Parsed command line arguments: Namespace(log_base=None, log_level=None, verb_name='list', build_base='build', ignore_user_meta=False, metas=['./colcon.meta'], base_paths=['/home/asaf/visual_odom_project'], packages_ignore=None, packages_ignore_regex=None, paths=None, packages_up_to=None, packages_up_to_regex=None, packages_above=None, packages_above_and_dependencies=None, packages_above_depth=None, packages_select_by_dep=None, packages_skip_by_dep=None, packages_skip_up_to=None, packages_select_build_failed=False, packages_skip_build_finished=False, packages_select_test_failures=False, packages_skip_test_passed=False, packages_select=None, packages_skip=None, packages_select_regex=None, packages_skip_regex=None, packages_start=None, packages_end=None, allow_overriding=[], topological_order=False, names_only=False, paths_only=True, topological_graph=False, topological_graph_dot=False, topological_graph_density=False, topological_graph_legend=False, topological_graph_dot_cluster=False, topological_graph_dot_include_skipped=False, mixin_files=None, mixin=None, verb_parser=<colcon_mixin.mixin.mixin_argument.MixinArgumentDecorator object at 0x734f166804c0>, verb_extension=<colcon_package_information.verb.list.ListVerb object at 0x734f166436a0>, main=<bound method ListVerb.main of <colcon_package_information.verb.list.ListVerb object at 0x734f166436a0>>, mixin_verb=('list',))
[0.221s] Level 1:colcon.colcon_core.package_discovery:discover_packages(colcon_meta) check parameters
[0.221s] Level 1:colcon.colcon_core.package_discovery:discover_packages(recursive) check parameters
[0.221s] Level 1:colcon.colcon_core.package_discovery:discover_packages(ignore) check parameters
[0.221s] Level 1:colcon.colcon_core.package_discovery:discover_packages(path) check parameters
[0.221s] Level 1:colcon.colcon_core.package_discovery:discover_packages(recursive) discover
[0.221s] INFO:colcon.colcon_core.package_discovery:Crawling recursively for packages in '/home/asaf/visual_odom_project'
[0.221s] Level 1:colcon.colcon_core.package_identification:_identify(/home/asaf/visual_odom_project) by extensions ['ignore', 'ignore_ament_install']
[0.221s] Level 1:colcon.colcon_core.package_identification:_identify(/home/asaf/visual_odom_project) by extension 'ignore'
[0.221s] Level 1:colcon.colcon_core.package_identification:_identify(/home/asaf/visual_odom_project) by extension 'ignore_ament_install'
[0.221s] Level 1:colcon.colcon_core.package_identification:_identify(/home/asaf/visual_odom_project) by extensions ['colcon_pkg']
[0.221s] Level 1:colcon.colcon_core.package_identification:_identify(/home/asaf/visual_odom_project) by extension 'colcon_pkg'
[0.221s] Level 1:colcon.colcon_core.package_identification:_identify(/home/asaf/visual_odom_project) by extensions ['colcon_meta']
[0.221s] Level 1:colcon.colcon_core.package_identification:_identify(/home/asaf/visual_odom_project) by extension 'colcon_meta'
[0.221s] Level 1:colcon.colcon_core.package_identification:_identify(/home/asaf/visual_odom_project) by extensions ['ros']
[0.221s] Level 1:colcon.colcon_core.package_identification:_identify(/home/asaf/visual_odom_project) by extension 'ros'
[0.229s] Level 1:colcon.colcon_core.package_identification:_identify(/home/asaf/visual_odom_project) by extensions ['cmake', 'python']
[0.229s] Level 1:colcon.colcon_core.package_identification:_identify(/home/asaf/visual_odom_project) by extension 'cmake'
[0.229s] Level 1:colcon.colcon_core.package_identification:_identify(/home/asaf/visual_odom_project) by extension 'python'
[0.229s] Level 1:colcon.colcon_core.package_identification:_identify(/home/asaf/visual_odom_project) by extensions ['python_setup_py']
[0.229s] Level 1:colcon.colcon_core.package_identification:_identify(/home/asaf/visual_odom_project) by extension 'python_setup_py'
[0.229s] Level 1:colcon.colcon_core.package_identification:_identify(/home/asaf/visual_odom_project/build) by extensions ['ignore', 'ignore_ament_install']
[0.229s] Level 1:colcon.colcon_core.package_identification:_identify(/home/asaf/visual_odom_project/build) by extension 'ignore'
[0.229s] Level 1:colcon.colcon_core.package_identification:_identify(/home/asaf/visual_odom_project/build) ignored
[0.229s] Level 1:colcon.colcon_core.package_identification:_identify(/home/asaf/visual_odom_project/install) by extensions ['ignore', 'ignore_ament_install']
[0.230s] Level 1:colcon.colcon_core.package_identification:_identify(/home/asaf/visual_odom_project/install) by extension 'ignore'
[0.230s] Level 1:colcon.colcon_core.package_identification:_identify(/home/asaf/visual_odom_project/install) ignored
[0.230s] Level 1:colcon.colcon_core.package_identification:_identify(/home/asaf/visual_odom_project/log) by extensions ['ignore', 'ignore_ament_install']
[0.230s] Level 1:colcon.colcon_core.package_identification:_identify(/home/asaf/visual_odom_project/log) by extension 'ignore'
[0.230s] Level 1:colcon.colcon_core.package_identification:_identify(/home/asaf/visual_odom_project/log) ignored
[0.230s] Level 1:colcon.colcon_core.package_identification:_identify(/home/asaf/visual_odom_project/src) by extensions ['ignore', 'ignore_ament_install']
[0.230s] Level 1:colcon.colcon_core.package_identification:_identify(/home/asaf/visual_odom_project/src) by extension 'ignore'
[0.230s] Level 1:colcon.colcon_core.package_identification:_identify(/home/asaf/visual_odom_project/src) by extension 'ignore_ament_install'
[0.230s] Level 1:colcon.colcon_core.package_identification:_identify(/home/asaf/visual_odom_project/src) by extensions ['colcon_pkg']
[0.230s] Level 1:colcon.colcon_core.package_identification:_identify(/home/asaf/visual_odom_project/src) by extension 'colcon_pkg'
[0.230s] Level 1:colcon.colcon_core.package_identification:_identify(/home/asaf/visual_odom_project/src) by extensions ['colcon_meta']
[0.230s] Level 1:colcon.colcon_core.package_identification:_identify(/home/asaf/visual_odom_project/src) by extension 'colcon_meta'
[0.230s] Level 1:colcon.colcon_core.package_identification:_identify(/home/asaf/visual_odom_project/src) by extensions ['ros']
[0.230s] Level 1:colcon.colcon_core.package_identification:_identify(/home/asaf/visual_odom_project/src) by extension 'ros'
[0.230s] Level 1:colcon.colcon_core.package_identification:_identify(/home/asaf/visual_odom_project/src) by extensions ['cmake', 'python']
[0.230s] Level 1:colcon.colcon_core.package_identification:_identify(/home/asaf/visual_odom_project/src) by extension 'cmake'
[0.230s] Level 1:colcon.colcon_core.package_identification:_identify(/home/asaf/visual_odom_project/src) by extension 'python'
[0.230s] Level 1:colcon.colcon_core.package_identification:_identify(/home/asaf/visual_odom_project/src) by extensions ['python_setup_py']
[0.230s] Level 1:colcon.colcon_core.package_identification:_identify(/home/asaf/visual_odom_project/src) by extension 'python_setup_py'
[0.230s] Level 1:colcon.colcon_core.package_identification:_identify(/home/asaf/visual_odom_project/src/my_project_pkg) by extensions ['ignore', 'ignore_ament_install']
[0.230s] Level 1:colcon.colcon_core.package_identification:_identify(/home/asaf/visual_odom_project/src/my_project_pkg) by extension 'ignore'
[0.230s] Level 1:colcon.colcon_core.package_identification:_identify(/home/asaf/visual_odom_project/src/my_project_pkg) by extension 'ignore_ament_install'
[0.230s] Level 1:colcon.colcon_core.package_identification:_identify(/home/asaf/visual_odom_project/src/my_project_pkg) by extensions ['colcon_pkg']
[0.230s] Level 1:colcon.colcon_core.package_identification:_identify(/home/asaf/visual_odom_project/src/my_project_pkg) by extension 'colcon_pkg'
[0.230s] Level 1:colcon.colcon_core.package_identification:_identify(/home/asaf/visual_odom_project/src/my_project_pkg) by extensions ['colcon_meta']
[0.230s] Level 1:colcon.colcon_core.package_identification:_identify(/home/asaf/visual_odom_project/src/my_project_pkg) by extension 'colcon_meta'
[0.230s] Level 1:colcon.colcon_core.package_identification:_identify(/home/asaf/visual_odom_project/src/my_project_pkg) by extensions ['ros']
[0.231s] Level 1:colcon.colcon_core.package_identification:_identify(/home/asaf/visual_odom_project/src/my_project_pkg) by extension 'ros'
[0.233s] DEBUG:colcon.colcon_core.package_identification:Package '/home/asaf/visual_odom_project/src/my_project_pkg' with type 'ros.ament_python' and name 'my_project_pkg'
[0.233s] Level 1:colcon.colcon_core.package_discovery:discover_packages(recursive) using defaults
