[0.410s] Invoking command in '/home/asaf/visual_odometry_project/src/my_project_pkg': PYTHONPATH=/home/asaf/visual_odometry_project/build/my_project_pkg/prefix_override:/usr/lib/python3/dist-packages/colcon_core/task/python/colcon_distutils_commands:/home/asaf/visual_odometry_project/install/my_project_pkg/lib/python3.10/site-packages:${PYTHONPATH} /usr/bin/python3 -W ignore:setup.py install is deprecated setup.py egg_info --egg-base ../../build/my_project_pkg build --build-base /home/asaf/visual_odometry_project/build/my_project_pkg/build install --record /home/asaf/visual_odometry_project/build/my_project_pkg/install.log --single-version-externally-managed install_data
[0.581s] running egg_info
[0.581s] writing ../../build/my_project_pkg/my_project_pkg.egg-info/PKG-INFO
[0.581s] writing dependency_links to ../../build/my_project_pkg/my_project_pkg.egg-info/dependency_links.txt
[0.582s] writing entry points to ../../build/my_project_pkg/my_project_pkg.egg-info/entry_points.txt
[0.582s] writing requirements to ../../build/my_project_pkg/my_project_pkg.egg-info/requires.txt
[0.582s] writing top-level names to ../../build/my_project_pkg/my_project_pkg.egg-info/top_level.txt
[0.583s] reading manifest file '../../build/my_project_pkg/my_project_pkg.egg-info/SOURCES.txt'
[0.583s] writing manifest file '../../build/my_project_pkg/my_project_pkg.egg-info/SOURCES.txt'
[0.583s] running build
[0.583s] running build_py
[0.584s] running install
[0.584s] running install_lib
[0.585s] running install_data
[0.585s] running install_egg_info
[0.586s] removing '/home/asaf/visual_odometry_project/install/my_project_pkg/lib/python3.10/site-packages/my_project_pkg-0.0.0-py3.10.egg-info' (and everything under it)
[0.586s] Copying ../../build/my_project_pkg/my_project_pkg.egg-info to /home/asaf/visual_odometry_project/install/my_project_pkg/lib/python3.10/site-packages/my_project_pkg-0.0.0-py3.10.egg-info
[0.587s] running install_scripts
[0.599s] Installing optical_flow_run script to /home/asaf/visual_odometry_project/install/my_project_pkg/lib/my_project_pkg
[0.599s] writing list of installed files to '/home/asaf/visual_odometry_project/build/my_project_pkg/install.log'
[0.615s] Invoked command in '/home/asaf/visual_odometry_project/src/my_project_pkg' returned '0': PYTHONPATH=/home/asaf/visual_odometry_project/build/my_project_pkg/prefix_override:/usr/lib/python3/dist-packages/colcon_core/task/python/colcon_distutils_commands:/home/asaf/visual_odometry_project/install/my_project_pkg/lib/python3.10/site-packages:${PYTHONPATH} /usr/bin/python3 -W ignore:setup.py install is deprecated setup.py egg_info --egg-base ../../build/my_project_pkg build --build-base /home/asaf/visual_odometry_project/build/my_project_pkg/build install --record /home/asaf/visual_odometry_project/build/my_project_pkg/install.log --single-version-externally-managed install_data
