-- Install configuration: ""
-- Up-to-date: /home/asaf/visual_odometry_project/install/project_bringup/share/project_bringup/launch
-- Up-to-date: /home/asaf/visual_odometry_project/install/project_bringup/share/project_bringup/launch/optical_flow_app.launch.py
-- Up-to-date: /home/asaf/visual_odometry_project/install/project_bringup/share/project_bringup/rviz
-- Up-to-date: /home/asaf/visual_odometry_project/install/project_bringup/share/project_bringup/rviz/rviz_config.rviz
-- Up-to-date: /home/asaf/visual_odometry_project/install/project_bringup/share/project_bringup/config
-- Up-to-date: /home/asaf/visual_odometry_project/install/project_bringup/share/project_bringup/config/config.yaml
-- Up-to-date: /home/asaf/visual_odometry_project/install/project_bringup/share/ament_index/resource_index/package_run_dependencies/project_bringup
-- Up-to-date: /home/asaf/visual_odometry_project/install/project_bringup/share/ament_index/resource_index/parent_prefix_path/project_bringup
-- Up-to-date: /home/asaf/visual_odometry_project/install/project_bringup/share/project_bringup/environment/ament_prefix_path.sh
-- Up-to-date: /home/asaf/visual_odometry_project/install/project_bringup/share/project_bringup/environment/ament_prefix_path.dsv
-- Up-to-date: /home/asaf/visual_odometry_project/install/project_bringup/share/project_bringup/environment/path.sh
-- Up-to-date: /home/asaf/visual_odometry_project/install/project_bringup/share/project_bringup/environment/path.dsv
-- Up-to-date: /home/asaf/visual_odometry_project/install/project_bringup/share/project_bringup/local_setup.bash
-- Up-to-date: /home/asaf/visual_odometry_project/install/project_bringup/share/project_bringup/local_setup.sh
-- Up-to-date: /home/asaf/visual_odometry_project/install/project_bringup/share/project_bringup/local_setup.zsh
-- Up-to-date: /home/asaf/visual_odometry_project/install/project_bringup/share/project_bringup/local_setup.dsv
-- Up-to-date: /home/asaf/visual_odometry_project/install/project_bringup/share/project_bringup/package.dsv
-- Up-to-date: /home/asaf/visual_odometry_project/install/project_bringup/share/ament_index/resource_index/packages/project_bringup
-- Up-to-date: /home/asaf/visual_odometry_project/install/project_bringup/share/project_bringup/cmake/project_bringupConfig.cmake
-- Up-to-date: /home/asaf/visual_odometry_project/install/project_bringup/share/project_bringup/cmake/project_bringupConfig-version.cmake
-- Up-to-date: /home/asaf/visual_odometry_project/install/project_bringup/share/project_bringup/package.xml
