[0.007s] Invoking command in '/home/asaf/visual_odom_project/build/project_bringup': AMENT_PREFIX_PATH=/home/asaf/visual_odom_project/install/my_project_pkg:${AMENT_PREFIX_PATH} CMAKE_PREFIX_PATH=${CMAKE_PREFIX_PATH}:/home/asaf/ros2_ws/install/my_rover_controller:/home/asaf/ros2_ws/install/my_project_pkg:/home/asaf/ros2_ws/install/microstrain_inertial_rqt:/home/asaf/ros2_ws/install/color_extractor:/opt/ros/humble PYTHONPATH=/home/asaf/visual_odom_project/install/my_project_pkg/lib/python3.10/site-packages:${PYTHONPATH} /usr/bin/cmake --build /home/asaf/visual_odom_project/build/project_bringup -- -j8 -l8
[0.036s] Invoked command in '/home/asaf/visual_odom_project/build/project_bringup' returned '0': AMENT_PREFIX_PATH=/home/asaf/visual_odom_project/install/my_project_pkg:${AMENT_PREFIX_PATH} CMAKE_PREFIX_PATH=${CMAKE_PREFIX_PATH}:/home/asaf/ros2_ws/install/my_rover_controller:/home/asaf/ros2_ws/install/my_project_pkg:/home/asaf/ros2_ws/install/microstrain_inertial_rqt:/home/asaf/ros2_ws/install/color_extractor:/opt/ros/humble PYTHONPATH=/home/asaf/visual_odom_project/install/my_project_pkg/lib/python3.10/site-packages:${PYTHONPATH} /usr/bin/cmake --build /home/asaf/visual_odom_project/build/project_bringup -- -j8 -l8
[0.071s] Invoking command in '/home/asaf/visual_odom_project/build/project_bringup': AMENT_PREFIX_PATH=/home/asaf/visual_odom_project/install/my_project_pkg:${AMENT_PREFIX_PATH} CMAKE_PREFIX_PATH=${CMAKE_PREFIX_PATH}:/home/asaf/ros2_ws/install/my_rover_controller:/home/asaf/ros2_ws/install/my_project_pkg:/home/asaf/ros2_ws/install/microstrain_inertial_rqt:/home/asaf/ros2_ws/install/color_extractor:/opt/ros/humble PYTHONPATH=/home/asaf/visual_odom_project/install/my_project_pkg/lib/python3.10/site-packages:${PYTHONPATH} /usr/bin/cmake --install /home/asaf/visual_odom_project/build/project_bringup
[0.079s] -- Install configuration: ""
[0.080s] -- Execute custom install script
[0.080s] -- Up-to-date symlink: /home/asaf/visual_odom_project/install/project_bringup/share/project_bringup/launch/optical_flow_app.launch.py
[0.080s] -- Up-to-date symlink: /home/asaf/visual_odom_project/install/project_bringup/share/project_bringup/rviz/rviz_config.rviz
[0.080s] -- Up-to-date symlink: /home/asaf/visual_odom_project/install/project_bringup/share/project_bringup/config/config.yaml
[0.081s] -- Up-to-date symlink: /home/asaf/visual_odom_project/install/project_bringup/share/ament_index/resource_index/package_run_dependencies/project_bringup
[0.081s] -- Up-to-date symlink: /home/asaf/visual_odom_project/install/project_bringup/share/ament_index/resource_index/parent_prefix_path/project_bringup
[0.081s] -- Up-to-date symlink: /home/asaf/visual_odom_project/install/project_bringup/share/project_bringup/environment/ament_prefix_path.sh
[0.081s] -- Up-to-date symlink: /home/asaf/visual_odom_project/install/project_bringup/share/project_bringup/environment/ament_prefix_path.dsv
[0.081s] -- Up-to-date symlink: /home/asaf/visual_odom_project/install/project_bringup/share/project_bringup/environment/path.sh
[0.081s] -- Up-to-date symlink: /home/asaf/visual_odom_project/install/project_bringup/share/project_bringup/environment/path.dsv
[0.082s] -- Up-to-date symlink: /home/asaf/visual_odom_project/install/project_bringup/share/project_bringup/local_setup.bash
[0.082s] -- Up-to-date symlink: /home/asaf/visual_odom_project/install/project_bringup/share/project_bringup/local_setup.sh
[0.082s] -- Up-to-date symlink: /home/asaf/visual_odom_project/install/project_bringup/share/project_bringup/local_setup.zsh
[0.082s] -- Up-to-date symlink: /home/asaf/visual_odom_project/install/project_bringup/share/project_bringup/local_setup.dsv
[0.083s] -- Symlinking: /home/asaf/visual_odom_project/install/project_bringup/share/project_bringup/package.dsv
[0.093s] -- Up-to-date symlink: /home/asaf/visual_odom_project/install/project_bringup/share/ament_index/resource_index/packages/project_bringup
[0.093s] -- Up-to-date symlink: /home/asaf/visual_odom_project/install/project_bringup/share/project_bringup/cmake/project_bringupConfig.cmake
[0.093s] -- Up-to-date symlink: /home/asaf/visual_odom_project/install/project_bringup/share/project_bringup/cmake/project_bringupConfig-version.cmake
[0.093s] -- Up-to-date symlink: /home/asaf/visual_odom_project/install/project_bringup/share/project_bringup/package.xml
[0.096s] Invoked command in '/home/asaf/visual_odom_project/build/project_bringup' returned '0': AMENT_PREFIX_PATH=/home/asaf/visual_odom_project/install/my_project_pkg:${AMENT_PREFIX_PATH} CMAKE_PREFIX_PATH=${CMAKE_PREFIX_PATH}:/home/asaf/ros2_ws/install/my_rover_controller:/home/asaf/ros2_ws/install/my_project_pkg:/home/asaf/ros2_ws/install/microstrain_inertial_rqt:/home/asaf/ros2_ws/install/color_extractor:/opt/ros/humble PYTHONPATH=/home/asaf/visual_odom_project/install/my_project_pkg/lib/python3.10/site-packages:${PYTHONPATH} /usr/bin/cmake --install /home/asaf/visual_odom_project/build/project_bringup
