[0.421s] Invoking command in '/home/asaf/visual_odom_project/build/my_project_pkg': PYTHONPATH=/home/asaf/visual_odom_project/build/my_project_pkg/prefix_override:/usr/lib/python3/dist-packages/colcon_core/task/python/colcon_distutils_commands:/home/asaf/visual_odom_project/install/my_project_pkg/lib/python3.10/site-packages:${PYTHONPATH} /usr/bin/python3 -W ignore:setup.py install is deprecated setup.py develop --uninstall --editable --build-directory /home/asaf/visual_odom_project/build/my_project_pkg/build
[0.599s] running develop
[0.709s] Removing /home/asaf/visual_odom_project/install/my_project_pkg/lib/python3.10/site-packages/my-project-pkg.egg-link (link to .)
[0.729s] Invoked command in '/home/asaf/visual_odom_project/build/my_project_pkg' returned '0': PYTHONPATH=/home/asaf/visual_odom_project/build/my_project_pkg/prefix_override:/usr/lib/python3/dist-packages/colcon_core/task/python/colcon_distutils_commands:/home/asaf/visual_odom_project/install/my_project_pkg/lib/python3.10/site-packages:${PYTHONPATH} /usr/bin/python3 -W ignore:setup.py install is deprecated setup.py develop --uninstall --editable --build-directory /home/asaf/visual_odom_project/build/my_project_pkg/build
[0.730s] Invoking command in '/home/asaf/visual_odom_project/src/my_project_pkg': PYTHONPATH=/home/asaf/visual_odom_project/build/my_project_pkg/prefix_override:/usr/lib/python3/dist-packages/colcon_core/task/python/colcon_distutils_commands:/home/asaf/visual_odom_project/install/my_project_pkg/lib/python3.10/site-packages:${PYTHONPATH} /usr/bin/python3 -W ignore:setup.py install is deprecated setup.py egg_info --egg-base ../../build/my_project_pkg build --build-base /home/asaf/visual_odom_project/build/my_project_pkg/build install --record /home/asaf/visual_odom_project/build/my_project_pkg/install.log --single-version-externally-managed install_data --force
[0.895s] running egg_info
[0.895s] writing ../../build/my_project_pkg/my_project_pkg.egg-info/PKG-INFO
[0.895s] writing dependency_links to ../../build/my_project_pkg/my_project_pkg.egg-info/dependency_links.txt
[0.895s] writing entry points to ../../build/my_project_pkg/my_project_pkg.egg-info/entry_points.txt
[0.895s] writing requirements to ../../build/my_project_pkg/my_project_pkg.egg-info/requires.txt
[0.895s] writing top-level names to ../../build/my_project_pkg/my_project_pkg.egg-info/top_level.txt
[0.896s] reading manifest file '../../build/my_project_pkg/my_project_pkg.egg-info/SOURCES.txt'
[0.897s] writing manifest file '../../build/my_project_pkg/my_project_pkg.egg-info/SOURCES.txt'
[0.897s] running build
[0.897s] running build_py
[0.897s] copying my_project_pkg/optical_flow_node.py -> /home/asaf/visual_odom_project/build/my_project_pkg/build/lib/my_project_pkg
[0.897s] running install
[0.897s] running install_lib
[0.898s] creating /home/asaf/visual_odom_project/install/my_project_pkg/lib/python3.10/site-packages/my_project_pkg
[0.898s] copying /home/asaf/visual_odom_project/build/my_project_pkg/build/lib/my_project_pkg/distortion_video.py -> /home/asaf/visual_odom_project/install/my_project_pkg/lib/python3.10/site-packages/my_project_pkg
[0.898s] copying /home/asaf/visual_odom_project/build/my_project_pkg/build/lib/my_project_pkg/__init__.py -> /home/asaf/visual_odom_project/install/my_project_pkg/lib/python3.10/site-packages/my_project_pkg
[0.898s] copying /home/asaf/visual_odom_project/build/my_project_pkg/build/lib/my_project_pkg/camera_calibrate_params.py -> /home/asaf/visual_odom_project/install/my_project_pkg/lib/python3.10/site-packages/my_project_pkg
[0.898s] copying /home/asaf/visual_odom_project/build/my_project_pkg/build/lib/my_project_pkg/optical_flow_node.py -> /home/asaf/visual_odom_project/install/my_project_pkg/lib/python3.10/site-packages/my_project_pkg
[0.898s] byte-compiling /home/asaf/visual_odom_project/install/my_project_pkg/lib/python3.10/site-packages/my_project_pkg/distortion_video.py to distortion_video.cpython-310.pyc
[0.899s] byte-compiling /home/asaf/visual_odom_project/install/my_project_pkg/lib/python3.10/site-packages/my_project_pkg/__init__.py to __init__.cpython-310.pyc
[0.899s] byte-compiling /home/asaf/visual_odom_project/install/my_project_pkg/lib/python3.10/site-packages/my_project_pkg/camera_calibrate_params.py to camera_calibrate_params.cpython-310.pyc
[0.899s] byte-compiling /home/asaf/visual_odom_project/install/my_project_pkg/lib/python3.10/site-packages/my_project_pkg/optical_flow_node.py to optical_flow_node.cpython-310.pyc
[0.902s] running install_data
[0.902s] copying resource/my_project_pkg -> /home/asaf/visual_odom_project/install/my_project_pkg/share/ament_index/resource_index/packages
[0.902s] copying package.xml -> /home/asaf/visual_odom_project/install/my_project_pkg/share/my_project_pkg
[0.902s] running install_egg_info
[0.903s] Copying ../../build/my_project_pkg/my_project_pkg.egg-info to /home/asaf/visual_odom_project/install/my_project_pkg/lib/python3.10/site-packages/my_project_pkg-0.0.0-py3.10.egg-info
[0.906s] running install_scripts
[0.918s] Installing optical_flow_run script to /home/asaf/visual_odom_project/install/my_project_pkg/lib/my_project_pkg
[0.918s] writing list of installed files to '/home/asaf/visual_odom_project/build/my_project_pkg/install.log'
[0.936s] Invoked command in '/home/asaf/visual_odom_project/src/my_project_pkg' returned '0': PYTHONPATH=/home/asaf/visual_odom_project/build/my_project_pkg/prefix_override:/usr/lib/python3/dist-packages/colcon_core/task/python/colcon_distutils_commands:/home/asaf/visual_odom_project/install/my_project_pkg/lib/python3.10/site-packages:${PYTHONPATH} /usr/bin/python3 -W ignore:setup.py install is deprecated setup.py egg_info --egg-base ../../build/my_project_pkg build --build-base /home/asaf/visual_odom_project/build/my_project_pkg/build install --record /home/asaf/visual_odom_project/build/my_project_pkg/install.log --single-version-externally-managed install_data --force
