-- The C compiler identification is GNU 11.4.0
-- The CXX compiler identification is GNU 11.4.0
-- Detecting C compiler ABI info
-- Detecting C compiler ABI info - done
-- Check for working C compiler: /usr/bin/cc - skipped
-- Detecting C compile features
-- Detecting C compile features - done
-- Detecting CXX compiler ABI info
-- Detecting CXX compiler ABI info - done
-- Check for working CXX compiler: /usr/bin/c++ - skipped
-- Detecting CXX compile features
-- Detecting CXX compile features - done
-- Found ament_cmake: 1.3.10 (/opt/ros/humble/share/ament_cmake/cmake)
-- Found Python3: /usr/bin/python3 (found version "3.10.12") found components: Interpreter 
-- Override CMake install command with custom implementation using symlinks instead of copying resources
-- Configuring done
-- Generating done
-- Build files have been written to: /home/asaf/visual_odometry_project/build/project_bringup
-- Install configuration: ""
-- Execute custom install script
-- Symlinking: /home/asaf/visual_odometry_project/install/project_bringup/share/project_bringup/launch/optical_flow_app.launch.py
-- Symlinking: /home/asaf/visual_odometry_project/install/project_bringup/share/project_bringup/rviz/rviz_config.rviz
-- Symlinking: /home/asaf/visual_odometry_project/install/project_bringup/share/project_bringup/config/config.yaml
-- Symlinking: /home/asaf/visual_odometry_project/install/project_bringup/share/ament_index/resource_index/package_run_dependencies/project_bringup
-- Symlinking: /home/asaf/visual_odometry_project/install/project_bringup/share/ament_index/resource_index/parent_prefix_path/project_bringup
-- Symlinking: /home/asaf/visual_odometry_project/install/project_bringup/share/project_bringup/environment/ament_prefix_path.sh
-- Symlinking: /home/asaf/visual_odometry_project/install/project_bringup/share/project_bringup/environment/ament_prefix_path.dsv
-- Symlinking: /home/asaf/visual_odometry_project/install/project_bringup/share/project_bringup/environment/path.sh
-- Symlinking: /home/asaf/visual_odometry_project/install/project_bringup/share/project_bringup/environment/path.dsv
-- Symlinking: /home/asaf/visual_odometry_project/install/project_bringup/share/project_bringup/local_setup.bash
-- Symlinking: /home/asaf/visual_odometry_project/install/project_bringup/share/project_bringup/local_setup.sh
-- Symlinking: /home/asaf/visual_odometry_project/install/project_bringup/share/project_bringup/local_setup.zsh
-- Symlinking: /home/asaf/visual_odometry_project/install/project_bringup/share/project_bringup/local_setup.dsv
-- Symlinking: /home/asaf/visual_odometry_project/install/project_bringup/share/project_bringup/package.dsv
-- Symlinking: /home/asaf/visual_odometry_project/install/project_bringup/share/ament_index/resource_index/packages/project_bringup
-- Symlinking: /home/asaf/visual_odometry_project/install/project_bringup/share/project_bringup/cmake/project_bringupConfig.cmake
-- Symlinking: /home/asaf/visual_odometry_project/install/project_bringup/share/project_bringup/cmake/project_bringupConfig-version.cmake
-- Symlinking: /home/asaf/visual_odometry_project/install/project_bringup/share/project_bringup/package.xml
