[0.006s] Invoking command in '/home/asaf/visual_odometry_project/build/project_bringup': AMENT_PREFIX_PATH=/home/asaf/visual_odometry_project/install/my_project_pkg:/home/asaf/visual_odometry_project/install/project_bringup:/home/asaf/ros2_ws/install/my_rover_controller:/home/asaf/ros2_ws/install/my_robot_bringup:/home/asaf/ros2_ws/install/my_robot_description:/home/asaf/ros2_ws/install/my_project_pkg:/home/asaf/ros2_ws/install/microstrain_inertial_rqt:/home/asaf/ros2_ws/install/microstrain_inertial_examples:/home/asaf/ros2_ws/install/microstrain_inertial_driver:/home/asaf/ros2_ws/install/microstrain_inertial_msgs:/home/asaf/ros2_ws/install/microstrain_inertial_description:/home/asaf/ros2_ws/install/g2_robot_description:/home/asaf/ros2_ws/install/g2_robot_bringup:/home/asaf/ros2_ws/install/color_extractor:/opt/ros/humble CMAKE_PREFIX_PATH=${CMAKE_PREFIX_PATH}:/home/asaf/visual_odometry_project/install/my_project_pkg:/home/asaf/ros2_ws/install/my_rover_controller:/home/asaf/ros2_ws/install/my_project_pkg:/home/asaf/ros2_ws/install/microstrain_inertial_rqt:/home/asaf/ros2_ws/install/color_extractor:/opt/ros/humble /usr/bin/cmake /home/asaf/visual_odometry_project/src/project_bringup -DAMENT_CMAKE_SYMLINK_INSTALL=1 -DCMAKE_INSTALL_PREFIX=/home/asaf/visual_odometry_project/install/project_bringup
[0.044s] -- The C compiler identification is GNU 11.4.0
[0.086s] -- The CXX compiler identification is GNU 11.4.0
[0.091s] -- Detecting C compiler ABI info
[0.145s] -- Detecting C compiler ABI info - done
[0.151s] -- Check for working C compiler: /usr/bin/cc - skipped
[0.152s] -- Detecting C compile features
[0.152s] -- Detecting C compile features - done
[0.154s] -- Detecting CXX compiler ABI info
[0.213s] -- Detecting CXX compiler ABI info - done
[0.218s] -- Check for working CXX compiler: /usr/bin/c++ - skipped
[0.219s] -- Detecting CXX compile features
[0.219s] -- Detecting CXX compile features - done
[0.221s] -- Found ament_cmake: 1.3.10 (/opt/ros/humble/share/ament_cmake/cmake)
[0.340s] -- Found Python3: /usr/bin/python3 (found version "3.10.12") found components: Interpreter 
[0.401s] -- Override CMake install command with custom implementation using symlinks instead of copying resources
[0.481s] -- Configuring done
[0.483s] -- Generating done
[0.484s] -- Build files have been written to: /home/asaf/visual_odometry_project/build/project_bringup
[0.487s] Invoked command in '/home/asaf/visual_odometry_project/build/project_bringup' returned '0': AMENT_PREFIX_PATH=/home/asaf/visual_odometry_project/install/my_project_pkg:/home/asaf/visual_odometry_project/install/project_bringup:/home/asaf/ros2_ws/install/my_rover_controller:/home/asaf/ros2_ws/install/my_robot_bringup:/home/asaf/ros2_ws/install/my_robot_description:/home/asaf/ros2_ws/install/my_project_pkg:/home/asaf/ros2_ws/install/microstrain_inertial_rqt:/home/asaf/ros2_ws/install/microstrain_inertial_examples:/home/asaf/ros2_ws/install/microstrain_inertial_driver:/home/asaf/ros2_ws/install/microstrain_inertial_msgs:/home/asaf/ros2_ws/install/microstrain_inertial_description:/home/asaf/ros2_ws/install/g2_robot_description:/home/asaf/ros2_ws/install/g2_robot_bringup:/home/asaf/ros2_ws/install/color_extractor:/opt/ros/humble CMAKE_PREFIX_PATH=${CMAKE_PREFIX_PATH}:/home/asaf/visual_odometry_project/install/my_project_pkg:/home/asaf/ros2_ws/install/my_rover_controller:/home/asaf/ros2_ws/install/my_project_pkg:/home/asaf/ros2_ws/install/microstrain_inertial_rqt:/home/asaf/ros2_ws/install/color_extractor:/opt/ros/humble /usr/bin/cmake /home/asaf/visual_odometry_project/src/project_bringup -DAMENT_CMAKE_SYMLINK_INSTALL=1 -DCMAKE_INSTALL_PREFIX=/home/asaf/visual_odometry_project/install/project_bringup
[0.489s] Invoking command in '/home/asaf/visual_odometry_project/build/project_bringup': AMENT_PREFIX_PATH=/home/asaf/visual_odometry_project/install/my_project_pkg:/home/asaf/visual_odometry_project/install/project_bringup:/home/asaf/ros2_ws/install/my_rover_controller:/home/asaf/ros2_ws/install/my_robot_bringup:/home/asaf/ros2_ws/install/my_robot_description:/home/asaf/ros2_ws/install/my_project_pkg:/home/asaf/ros2_ws/install/microstrain_inertial_rqt:/home/asaf/ros2_ws/install/microstrain_inertial_examples:/home/asaf/ros2_ws/install/microstrain_inertial_driver:/home/asaf/ros2_ws/install/microstrain_inertial_msgs:/home/asaf/ros2_ws/install/microstrain_inertial_description:/home/asaf/ros2_ws/install/g2_robot_description:/home/asaf/ros2_ws/install/g2_robot_bringup:/home/asaf/ros2_ws/install/color_extractor:/opt/ros/humble CMAKE_PREFIX_PATH=${CMAKE_PREFIX_PATH}:/home/asaf/visual_odometry_project/install/my_project_pkg:/home/asaf/ros2_ws/install/my_rover_controller:/home/asaf/ros2_ws/install/my_project_pkg:/home/asaf/ros2_ws/install/microstrain_inertial_rqt:/home/asaf/ros2_ws/install/color_extractor:/opt/ros/humble /usr/bin/cmake --build /home/asaf/visual_odometry_project/build/project_bringup -- -j8 -l8
[0.518s] Invoked command in '/home/asaf/visual_odometry_project/build/project_bringup' returned '0': AMENT_PREFIX_PATH=/home/asaf/visual_odometry_project/install/my_project_pkg:/home/asaf/visual_odometry_project/install/project_bringup:/home/asaf/ros2_ws/install/my_rover_controller:/home/asaf/ros2_ws/install/my_robot_bringup:/home/asaf/ros2_ws/install/my_robot_description:/home/asaf/ros2_ws/install/my_project_pkg:/home/asaf/ros2_ws/install/microstrain_inertial_rqt:/home/asaf/ros2_ws/install/microstrain_inertial_examples:/home/asaf/ros2_ws/install/microstrain_inertial_driver:/home/asaf/ros2_ws/install/microstrain_inertial_msgs:/home/asaf/ros2_ws/install/microstrain_inertial_description:/home/asaf/ros2_ws/install/g2_robot_description:/home/asaf/ros2_ws/install/g2_robot_bringup:/home/asaf/ros2_ws/install/color_extractor:/opt/ros/humble CMAKE_PREFIX_PATH=${CMAKE_PREFIX_PATH}:/home/asaf/visual_odometry_project/install/my_project_pkg:/home/asaf/ros2_ws/install/my_rover_controller:/home/asaf/ros2_ws/install/my_project_pkg:/home/asaf/ros2_ws/install/microstrain_inertial_rqt:/home/asaf/ros2_ws/install/color_extractor:/opt/ros/humble /usr/bin/cmake --build /home/asaf/visual_odometry_project/build/project_bringup -- -j8 -l8
[0.542s] Invoking command in '/home/asaf/visual_odometry_project/build/project_bringup': AMENT_PREFIX_PATH=/home/asaf/visual_odometry_project/install/my_project_pkg:/home/asaf/visual_odometry_project/install/project_bringup:/home/asaf/ros2_ws/install/my_rover_controller:/home/asaf/ros2_ws/install/my_robot_bringup:/home/asaf/ros2_ws/install/my_robot_description:/home/asaf/ros2_ws/install/my_project_pkg:/home/asaf/ros2_ws/install/microstrain_inertial_rqt:/home/asaf/ros2_ws/install/microstrain_inertial_examples:/home/asaf/ros2_ws/install/microstrain_inertial_driver:/home/asaf/ros2_ws/install/microstrain_inertial_msgs:/home/asaf/ros2_ws/install/microstrain_inertial_description:/home/asaf/ros2_ws/install/g2_robot_description:/home/asaf/ros2_ws/install/g2_robot_bringup:/home/asaf/ros2_ws/install/color_extractor:/opt/ros/humble CMAKE_PREFIX_PATH=${CMAKE_PREFIX_PATH}:/home/asaf/visual_odometry_project/install/my_project_pkg:/home/asaf/ros2_ws/install/my_rover_controller:/home/asaf/ros2_ws/install/my_project_pkg:/home/asaf/ros2_ws/install/microstrain_inertial_rqt:/home/asaf/ros2_ws/install/color_extractor:/opt/ros/humble /usr/bin/cmake --install /home/asaf/visual_odometry_project/build/project_bringup
[0.548s] -- Install configuration: ""
[0.548s] -- Execute custom install script
[0.548s] -- Symlinking: /home/asaf/visual_odometry_project/install/project_bringup/share/project_bringup/launch/optical_flow_app.launch.py
[0.555s] -- Symlinking: /home/asaf/visual_odometry_project/install/project_bringup/share/project_bringup/rviz/rviz_config.rviz
[0.563s] -- Symlinking: /home/asaf/visual_odometry_project/install/project_bringup/share/project_bringup/config/config.yaml
[0.570s] -- Symlinking: /home/asaf/visual_odometry_project/install/project_bringup/share/ament_index/resource_index/package_run_dependencies/project_bringup
[0.578s] -- Symlinking: /home/asaf/visual_odometry_project/install/project_bringup/share/ament_index/resource_index/parent_prefix_path/project_bringup
[0.585s] -- Symlinking: /home/asaf/visual_odometry_project/install/project_bringup/share/project_bringup/environment/ament_prefix_path.sh
[0.592s] -- Symlinking: /home/asaf/visual_odometry_project/install/project_bringup/share/project_bringup/environment/ament_prefix_path.dsv
[0.599s] -- Symlinking: /home/asaf/visual_odometry_project/install/project_bringup/share/project_bringup/environment/path.sh
[0.606s] -- Symlinking: /home/asaf/visual_odometry_project/install/project_bringup/share/project_bringup/environment/path.dsv
[0.613s] -- Symlinking: /home/asaf/visual_odometry_project/install/project_bringup/share/project_bringup/local_setup.bash
[0.621s] -- Symlinking: /home/asaf/visual_odometry_project/install/project_bringup/share/project_bringup/local_setup.sh
[0.628s] -- Symlinking: /home/asaf/visual_odometry_project/install/project_bringup/share/project_bringup/local_setup.zsh
[0.635s] -- Symlinking: /home/asaf/visual_odometry_project/install/project_bringup/share/project_bringup/local_setup.dsv
[0.641s] -- Symlinking: /home/asaf/visual_odometry_project/install/project_bringup/share/project_bringup/package.dsv
[0.649s] -- Symlinking: /home/asaf/visual_odometry_project/install/project_bringup/share/ament_index/resource_index/packages/project_bringup
[0.656s] -- Symlinking: /home/asaf/visual_odometry_project/install/project_bringup/share/project_bringup/cmake/project_bringupConfig.cmake
[0.663s] -- Symlinking: /home/asaf/visual_odometry_project/install/project_bringup/share/project_bringup/cmake/project_bringupConfig-version.cmake
[0.671s] -- Symlinking: /home/asaf/visual_odometry_project/install/project_bringup/share/project_bringup/package.xml
[0.681s] Invoked command in '/home/asaf/visual_odometry_project/build/project_bringup' returned '0': AMENT_PREFIX_PATH=/home/asaf/visual_odometry_project/install/my_project_pkg:/home/asaf/visual_odometry_project/install/project_bringup:/home/asaf/ros2_ws/install/my_rover_controller:/home/asaf/ros2_ws/install/my_robot_bringup:/home/asaf/ros2_ws/install/my_robot_description:/home/asaf/ros2_ws/install/my_project_pkg:/home/asaf/ros2_ws/install/microstrain_inertial_rqt:/home/asaf/ros2_ws/install/microstrain_inertial_examples:/home/asaf/ros2_ws/install/microstrain_inertial_driver:/home/asaf/ros2_ws/install/microstrain_inertial_msgs:/home/asaf/ros2_ws/install/microstrain_inertial_description:/home/asaf/ros2_ws/install/g2_robot_description:/home/asaf/ros2_ws/install/g2_robot_bringup:/home/asaf/ros2_ws/install/color_extractor:/opt/ros/humble CMAKE_PREFIX_PATH=${CMAKE_PREFIX_PATH}:/home/asaf/visual_odometry_project/install/my_project_pkg:/home/asaf/ros2_ws/install/my_rover_controller:/home/asaf/ros2_ws/install/my_project_pkg:/home/asaf/ros2_ws/install/microstrain_inertial_rqt:/home/asaf/ros2_ws/install/color_extractor:/opt/ros/humble /usr/bin/cmake --install /home/asaf/visual_odometry_project/build/project_bringup
