[0.007s] Invoking command in '/home/asaf/visual_odom_project/build/project_bringup': CMAKE_PREFIX_PATH=${CMAKE_PREFIX_PATH}:/home/asaf/visual_odom_project/install/my_project_pkg:/home/asaf/ros2_ws/install/my_rover_controller:/home/asaf/ros2_ws/install/my_project_pkg:/home/asaf/ros2_ws/install/microstrain_inertial_rqt:/home/asaf/ros2_ws/install/color_extractor:/opt/ros/humble /usr/bin/cmake /home/asaf/visual_odom_project/src/project_bringup -DAMENT_CMAKE_SYMLINK_INSTALL=1 -DCMAKE_INSTALL_PREFIX=/home/asaf/visual_odom_project/install/project_bringup
[0.098s] -- The C compiler identification is GNU 11.4.0
[0.162s] -- The CXX compiler identification is GNU 11.4.0
[0.169s] -- Detecting C compiler ABI info
[0.223s] -- Detecting C compiler ABI info - done
[0.229s] -- Check for working C compiler: /usr/bin/cc - skipped
[0.229s] -- Detecting C compile features
[0.229s] -- Detecting C compile features - done
[0.232s] -- Detecting CXX compiler ABI info
[0.289s] -- Detecting CXX compiler ABI info - done
[0.294s] -- Check for working CXX compiler: /usr/bin/c++ - skipped
[0.294s] -- Detecting CXX compile features
[0.294s] -- Detecting CXX compile features - done
[0.298s] -- Found ament_cmake: 1.3.9 (/opt/ros/humble/share/ament_cmake/cmake)
[0.405s] -- Found Python3: /usr/bin/python3 (found version "3.10.12") found components: Interpreter 
[0.453s] -- Override CMake install command with custom implementation using symlinks instead of copying resources
[0.485s] [31mCMake Error at /opt/ros/humble/share/ament_cmake_core/cmake/symlink_install/install.cmake:43 (_install):
[0.485s]   _install does not recognize sub-command PARENT_DIRECTORY
[0.485s] Call Stack (most recent call first):
[0.485s]   CMakeLists.txt:11 (install)
[0.485s] 
[0.485s] [0m
[0.528s] -- Configuring incomplete, errors occurred!
[0.528s] See also "/home/asaf/visual_odom_project/build/project_bringup/CMakeFiles/CMakeOutput.log".
[0.532s] Invoked command in '/home/asaf/visual_odom_project/build/project_bringup' returned '1': CMAKE_PREFIX_PATH=${CMAKE_PREFIX_PATH}:/home/asaf/visual_odom_project/install/my_project_pkg:/home/asaf/ros2_ws/install/my_rover_controller:/home/asaf/ros2_ws/install/my_project_pkg:/home/asaf/ros2_ws/install/microstrain_inertial_rqt:/home/asaf/ros2_ws/install/color_extractor:/opt/ros/humble /usr/bin/cmake /home/asaf/visual_odom_project/src/project_bringup -DAMENT_CMAKE_SYMLINK_INSTALL=1 -DCMAKE_INSTALL_PREFIX=/home/asaf/visual_odom_project/install/project_bringup
